INFO-FLOW: Workspace /home/ramdas/Work/Learning/CPP_Learning/PP4FPGA_HLS/CORDIC/cordic_ex_1/start_prj/solution1 opened at Tue Dec 04 15:05:52 CET 2018
Execute     set_part xa7a12tcsg325-1q 
Execute       add_library xilinx/aartix7/aartix7:xa7a12t:csg325:-1q 
Execute         get_default_platform 
Execute         license_isbetapart xa7a12t 
Command         license_isbetapart done; error code: 1; 
Execute         open_platform DefaultPlatform 
Execute         import_lib /opt/Xilinx/Vivado/2018.2/common/technology/xilinx/aartix7/aartix7 
Execute           source /opt/Xilinx/Vivado/2018.2/common/technology/xilinx/common/xilinx.lib 
Execute             source /opt/Xilinx/Vivado/2018.2/common/technology/xilinx/interface/xilinx_interface.lib 
Execute               source /opt/Xilinx/Vivado/2018.2/common/technology/xilinx/interface/plb46.lib 
Execute               source /opt/Xilinx/Vivado/2018.2/common/technology/xilinx/interface/fsl.lib 
Execute               source /opt/Xilinx/Vivado/2018.2/common/technology/xilinx/interface/axi4.lib 
Execute               source /opt/Xilinx/Vivado/2018.2/common/technology/xilinx/interface/maxi.lib 
Execute               source /opt/Xilinx/Vivado/2018.2/common/technology/xilinx/interface/saxilite.lib 
Execute             source /opt/Xilinx/Vivado/2018.2/common/technology/xilinx/common/dsp48.lib 
Execute             source /opt/Xilinx/Vivado/2018.2/common/technology/xilinx/ip/dds_compiler.lib 
Execute             source /opt/Xilinx/Vivado/2018.2/common/technology/xilinx/ip/xfir.lib 
Execute             source /opt/Xilinx/Vivado/2018.2/common/technology/xilinx/ip/xfft.lib 
Execute           source /opt/Xilinx/Vivado/2018.2/common/technology/xilinx/common/xilinx_old.lib 
Execute           source /opt/Xilinx/Vivado/2018.2/common/technology/xilinx/common/xilinx_vivado.lib 
Execute           source /opt/Xilinx/Vivado/2018.2/common/technology/xilinx/common/xilinx.hlp 
Execute             source /opt/Xilinx/Vivado/2018.2/common/technology/xilinx/common/target_info.tcl 
Execute             source /opt/Xilinx/Vivado/2018.2/common/technology/xilinx/interface/xilinx_interface.hlp 
Execute               source /opt/Xilinx/Vivado/2018.2/common/technology/xilinx/interface/maxi.hlp 
Execute               source /opt/Xilinx/Vivado/2018.2/common/technology/xilinx/interface/saxilite.hlp 
Execute             source /opt/Xilinx/Vivado/2018.2/common/technology/xilinx/common/dsp48.hlp 
Execute           source /opt/Xilinx/Vivado/2018.2/common/technology/xilinx/aartix7/dsp48e1.hlp 
Execute           get_default_platform 
Execute           config_chip_info -quiet -resource  {SLICE 15850} {LUT 63400}     {FF 126800} {DSP48E 240}    {BRAM 270}  
Execute           config_chip_info -quiet -speed medium 
Execute           source /opt/Xilinx/Vivado/2018.2/common/technology/xilinx/common/xilinx.hlp 
Execute             source /opt/Xilinx/Vivado/2018.2/common/technology/xilinx/common/target_info.tcl 
Execute             source /opt/Xilinx/Vivado/2018.2/common/technology/xilinx/interface/xilinx_interface.hlp 
Execute               source /opt/Xilinx/Vivado/2018.2/common/technology/xilinx/interface/maxi.hlp 
Execute               source /opt/Xilinx/Vivado/2018.2/common/technology/xilinx/interface/saxilite.hlp 
Execute             source /opt/Xilinx/Vivado/2018.2/common/technology/xilinx/common/dsp48.hlp 
Execute         source /opt/Xilinx/Vivado/2018.2/common/technology/xilinx/aartix7/aartix7.gen 
Execute           source /opt/Xilinx/Vivado/2018.2/common/technology/xilinx/common/virtex.gen 
Execute             source /opt/Xilinx/Vivado/2018.2/common/technology/xilinx/common/xilinx.gen 
Execute               source /opt/Xilinx/Vivado/2018.2/common/technology/xilinx/interface/plb46.gen 
Execute               source /opt/Xilinx/Vivado/2018.2/common/technology/xilinx/interface/fsl.gen 
Execute               source /opt/Xilinx/Vivado/2018.2/common/technology/xilinx/interface/axi4.gen 
Execute               source /opt/Xilinx/Vivado/2018.2/common/technology/xilinx/interface/nativeAXI4.gen 
Execute                 source /opt/Xilinx/Vivado/2018.2/common/technology/xilinx/interface/saxilite.gen 
Execute                 source /opt/Xilinx/Vivado/2018.2/common/technology/xilinx/interface/maxi.gen 
Execute               source /opt/Xilinx/Vivado/2018.2/common/technology/xilinx/scripts/xilinxcoregen.gen 
Execute               source /opt/Xilinx/Vivado/2018.2/common/technology/xilinx/interface/XilEDKCoreGen.gen 
Execute               source /opt/Xilinx/Vivado/2018.2/common/technology/xilinx/ip/dds_compiler.gen 
Execute               source /opt/Xilinx/Vivado/2018.2/common/technology/xilinx/ip/util.gen 
Execute               source /opt/Xilinx/Vivado/2018.2/common/technology/xilinx/ip/xfft.gen 
Execute               source /opt/Xilinx/Vivado/2018.2/common/technology/xilinx/ip/xfir.gen 
Execute             source /opt/Xilinx/Vivado/2018.2/common/technology/xilinx/common/dsp48.gen 
Execute         get_default_platform 
Execute         config_chip_info -quiet -resource  {SLICE 2000}  {LUT 8000}      {FF 16000}  {DSP48E 40}     {BRAM 40}  
Execute         config_chip_info -quiet -speed slow 
Execute       add_library xilinx/aartix7/aartix7_fpv6 
Execute         get_default_platform 
Execute         open_platform DefaultPlatform 
Execute         import_lib /opt/Xilinx/Vivado/2018.2/common/technology/xilinx/aartix7/aartix7_fpv6 
Execute           source /opt/Xilinx/Vivado/2018.2/common/technology/xilinx/common/xilinx_fpv7.lib 
Execute             source /opt/Xilinx/Vivado/2018.2/common/technology/xilinx/common/xilinx_hp.lib 
Execute           source /opt/Xilinx/Vivado/2018.2/common/technology/xilinx/common/xilinx_fpv.hlp 
Execute             source /opt/Xilinx/Vivado/2018.2/common/technology/xilinx/common/xilinx.hlp 
Execute               source /opt/Xilinx/Vivado/2018.2/common/technology/xilinx/common/target_info.tcl 
Execute               source /opt/Xilinx/Vivado/2018.2/common/technology/xilinx/interface/xilinx_interface.hlp 
Execute                 source /opt/Xilinx/Vivado/2018.2/common/technology/xilinx/interface/maxi.hlp 
Execute                 source /opt/Xilinx/Vivado/2018.2/common/technology/xilinx/interface/saxilite.hlp 
Execute               source /opt/Xilinx/Vivado/2018.2/common/technology/xilinx/common/dsp48.hlp 
Execute           source /opt/Xilinx/Vivado/2018.2/common/technology/xilinx/aartix7/aartix7_hp.hlp 
Execute         source /opt/Xilinx/Vivado/2018.2/common/technology/xilinx/aartix7/aartix7_fpv6.gen 
Execute           source /opt/Xilinx/Vivado/2018.2/common/technology/xilinx/common/xilinx_fpv6.gen 
INFO: [HLS 200-10] Setting target device to 'xa7a12tcsg325-1q'
Execute       get_default_platform 
Command     set_part done; 0.12 sec.
Execute     create_clock -period 10 -name default 
Execute       config_clock -quiet -name default -period 10 -default=false 
INFO: [SYN 201-201] Setting up clock 'default' with a period of 10ns.
Execute     csim_design 
INFO: [SIM 211-2] *************** CSIM start ***************
INFO: [SIM 211-4] CSIM will launch GCC as the compiler.
Execute       is_encrypted /home/ramdas/Work/Learning/CPP_Learning/PP4FPGA_HLS/CORDIC/cordic_ex_1/cordic_test.cc 
Execute       is_xip /home/ramdas/Work/Learning/CPP_Learning/PP4FPGA_HLS/CORDIC/cordic_ex_1/cordic_test.cc 
Execute       is_encrypted /home/ramdas/Work/Learning/CPP_Learning/PP4FPGA_HLS/CORDIC/cordic_ex_1/cordic.h 
Execute       is_xip /home/ramdas/Work/Learning/CPP_Learning/PP4FPGA_HLS/CORDIC/cordic_ex_1/cordic.h 
Execute       is_encrypted /home/ramdas/Work/Learning/CPP_Learning/PP4FPGA_HLS/CORDIC/cordic_ex_1/cordic.cc 
Execute       is_xip /home/ramdas/Work/Learning/CPP_Learning/PP4FPGA_HLS/CORDIC/cordic_ex_1/cordic.cc 
Execute       get_default_platform 
Execute       source run_sim.tcl 
INFO: [SIM 211-1] CSim done with 0 errors.
INFO: [SIM 211-3] *************** CSIM finish ***************
Command     csim_design done; 0.44 sec.
Execute     cleanup_all 
