#-----------------------------------------------------------
# Vivado v2018.2 (64-bit)
# SW Build 2258646 on Thu Jun 14 20:02:38 MDT 2018
# IP Build 2256618 on Thu Jun 14 22:10:49 MDT 2018
# Start of session at: Fri May 17 16:49:32 2019
# Process ID: 26944
# Current directory: /home/ramdas/Work/Learning/CPP_Learning/PP4FPGA_HLS/DFT/naiveImpl/DFT_HLS/solution2/.autopilot/db/ip_tmp
# Command line: vivado  -notrace -mode batch -source run_vivado.tcl
# Log file: /home/ramdas/Work/Learning/CPP_Learning/PP4FPGA_HLS/DFT/naiveImpl/DFT_HLS/solution2/.autopilot/db/ip_tmp/vivado.log
# Journal file: /home/ramdas/Work/Learning/CPP_Learning/PP4FPGA_HLS/DFT/naiveImpl/DFT_HLS/solution2/.autopilot/db/ip_tmp/vivado.jou
#-----------------------------------------------------------
source run_vivado.tcl -notrace
INFO: [IP_Flow 19-234] Refreshing IP repositories
INFO: [IP_Flow 19-1704] No user IP repositories specified
INFO: [IP_Flow 19-2313] Loaded Vivado IP repository '/opt/Xilinx/Vivado/2018.2/data/ip'.
INFO: [IP_Flow 19-1686] Generating 'Synthesis' target for IP 'dft_ap_fmul_2_max_dsp_32'...
INFO: [IP_Flow 19-1686] Generating 'Simulation' target for IP 'dft_ap_fmul_2_max_dsp_32'...
WARNING: [IP_Flow 19-4832] The IP name 'dft_ap_fptrunc_0_no_dsp_64' you have specified is long. The Windows operating system has path length limitations. It is recommended you use shorter names to reduce the likelihood of issues.
INFO: [IP_Flow 19-1686] Generating 'Synthesis' target for IP 'dft_ap_fptrunc_0_no_dsp_64'...
INFO: [IP_Flow 19-1686] Generating 'Simulation' target for IP 'dft_ap_fptrunc_0_no_dsp_64'...
WARNING: [IP_Flow 19-4832] The IP name 'dft_ap_faddfsub_3_full_dsp_32' you have specified is long. The Windows operating system has path length limitations. It is recommended you use shorter names to reduce the likelihood of issues.
INFO: [IP_Flow 19-1686] Generating 'Synthesis' target for IP 'dft_ap_faddfsub_3_full_dsp_32'...
INFO: [IP_Flow 19-1686] Generating 'Simulation' target for IP 'dft_ap_faddfsub_3_full_dsp_32'...
INFO: [IP_Flow 19-1686] Generating 'Synthesis' target for IP 'dft_ap_uitofp_3_no_dsp_32'...
INFO: [IP_Flow 19-1686] Generating 'Simulation' target for IP 'dft_ap_uitofp_3_no_dsp_32'...
INFO: [IP_Flow 19-1686] Generating 'Synthesis' target for IP 'dft_ap_dmul_4_max_dsp_64'...
INFO: [IP_Flow 19-1686] Generating 'Simulation' target for IP 'dft_ap_dmul_4_max_dsp_64'...
INFO: [IP_Flow 19-1686] Generating 'Synthesis' target for IP 'dft_ap_fpext_0_no_dsp_32'...
INFO: [IP_Flow 19-1686] Generating 'Simulation' target for IP 'dft_ap_fpext_0_no_dsp_32'...
INFO: [Common 17-206] Exiting Vivado at Fri May 17 16:49:47 2019...
