==============================================================
File generated by Vivado(TM) HLS - High-Level Synthesis from C, C++ and SystemC
Version: 2018.2
Copyright (C) 1986-2018 Xilinx, Inc. All Rights Reserved.

==============================================================

INFO: [SYN 201-201] Setting up clock 'default' with a period of 10ns.
INFO: [HLS 200-10] Setting target device to 'xa7a12tcsg325-1q'
INFO: [SYN 201-201] Setting up clock 'default' with a period of 10ns.
INFO: [HLS 200-10] Analyzing design file 'dft.cpp' ... 
INFO: [HLS 200-111] Finished Linking Time (s): cpu = 00:00:05 ; elapsed = 00:00:08 . Memory (MB): peak = 375.695 ; gain = 0.141 ; free physical = 19827 ; free virtual = 28708
INFO: [HLS 200-111] Finished Checking Pragmas Time (s): cpu = 00:00:05 ; elapsed = 00:00:08 . Memory (MB): peak = 375.695 ; gain = 0.141 ; free physical = 19827 ; free virtual = 28708
INFO: [HLS 200-10] Starting code transformations ...
INFO: [XFORM 203-603] Inlining function 'ap_fixed_base<124, 0, false, (ap_q_mode)5, (ap_o_mode)3, 0>::operator<<' into 'range_redux_payne_hanek_hotbm<61, double, 63, 63>' (/wrk/2018.2/continuous/2018_06_14_2258646/src/products/hls/hls_lib/hlsmath/include/FloatingPoint/hls_range_redux.h:529).
INFO: [XFORM 203-603] Inlining function 'ap_fixed_base<63, 0, false, (ap_q_mode)5, (ap_o_mode)3, 0>::operator<<' into 'range_redux_payne_hanek_hotbm<61, double, 63, 63>' (/wrk/2018.2/continuous/2018_06_14_2258646/src/products/hls/hls_lib/hlsmath/include/FloatingPoint/hls_range_redux.h:531).
INFO: [XFORM 203-603] Inlining function 'ap_fixed_base<63, 0, false, (ap_q_mode)0, (ap_o_mode)0, 0>::overflow_adjust' into 'ap_fixed_base<63, 0, false, (ap_q_mode)0, (ap_o_mode)0, 0>::ap_fixed_base<32, 32, true, (ap_q_mode)5, (ap_o_mode)3, 0>.1' ().
INFO: [XFORM 203-603] Inlining function 'ap_fixed_base<63, 1, true, (ap_q_mode)5, (ap_o_mode)3, 0>::operator<<' into 'scaled_fixed2ieee<63, 1>' (/wrk/2018.2/continuous/2018_06_14_2258646/src/products/hls/src/technology/autopilot/header_files/utils/x_hls_float_utils.h:442).
INFO: [HLS 200-111] Finished Standard Transforms Time (s): cpu = 00:00:08 ; elapsed = 00:00:11 . Memory (MB): peak = 575.727 ; gain = 200.172 ; free physical = 19712 ; free virtual = 28582
INFO: [HLS 200-10] Checking synthesizability ...
INFO: [XFORM 203-602] Inlining function 'fp_struct<double>::expv' into 'range_redux_payne_hanek_hotbm<61, double, 63, 63>' (/wrk/2018.2/continuous/2018_06_14_2258646/src/products/hls/hls_lib/hlsmath/include/FloatingPoint/hls_range_redux.h:466) automatically.
INFO: [XFORM 203-602] Inlining function 'table_lookup_4oPi_hotbm<52, 61>' into 'range_redux_payne_hanek_hotbm<61, double, 63, 63>' (/wrk/2018.2/continuous/2018_06_14_2258646/src/products/hls/hls_lib/hlsmath/include/FloatingPoint/hls_range_redux.h:492) automatically.
INFO: [XFORM 203-602] Inlining function 'clz<61, 124, 0>' into 'range_redux_payne_hanek_hotbm<61, double, 63, 63>' (/wrk/2018.2/continuous/2018_06_14_2258646/src/products/hls/hls_lib/hlsmath/include/FloatingPoint/hls_range_redux.h:520) automatically.
INFO: [XFORM 203-602] Inlining function 'fp_struct<double>::data' into 'fp_struct<double>::to_double' (/wrk/2018.2/continuous/2018_06_14_2258646/src/products/hls/src/technology/autopilot/header_files/utils/x_hls_utils.h:475) automatically.
INFO: [XFORM 203-602] Inlining function 'fp_struct<double>::to_double' into 'fp_struct<double>::to_ieee' (/wrk/2018.2/continuous/2018_06_14_2258646/src/products/hls/src/technology/autopilot/header_files/utils/x_hls_utils.h:489) automatically.
INFO: [XFORM 203-602] Inlining function 'clz' into 'scaled_fixed2ieee<63, 1>' (/wrk/2018.2/continuous/2018_06_14_2258646/src/products/hls/src/technology/autopilot/header_files/utils/x_hls_float_utils.h:434) automatically.
INFO: [XFORM 203-602] Inlining function 'fp_struct<double>::set_mantissa' into 'scaled_fixed2ieee<63, 1>' (/wrk/2018.2/continuous/2018_06_14_2258646/src/products/hls/src/technology/autopilot/header_files/utils/x_hls_float_utils.h:462) automatically.
INFO: [XFORM 203-602] Inlining function 'fp_struct<double>::to_ieee' into 'scaled_fixed2ieee<63, 1>' (/wrk/2018.2/continuous/2018_06_14_2258646/src/products/hls/src/technology/autopilot/header_files/utils/x_hls_float_utils.h:465) automatically.
INFO: [XFORM 203-602] Inlining function 'hotbm_::value_list<double>::sin_or_cos_approximation<63, 63>' into 'hotbm_::sin_or_cos<double>' (/wrk/2018.2/continuous/2018_06_14_2258646/src/products/hls/hls_lib/hlsmath/include/FloatingPoint/hls_hotbm.h:276) automatically.
INFO: [XFORM 203-602] Inlining function 'fp_struct<double>::to_ieee' into 'hotbm_::sin_or_cos<double>' (/wrk/2018.2/continuous/2018_06_14_2258646/src/products/hls/hls_lib/hlsmath/include/FloatingPoint/hls_hotbm.h:313) automatically.
INFO: [XFORM 203-602] Inlining function 'hotbm_::cos' into 'cos' (/wrk/2018.2/continuous/2018_06_14_2258646/src/products/hls/hls_lib/hlsmath/src/c/sincosdouble.cpp:12) automatically.
INFO: [XFORM 203-602] Inlining function 'hotbm_::sin' into 'sin' (/wrk/2018.2/continuous/2018_06_14_2258646/src/products/hls/hls_lib/hlsmath/src/c/sincosdouble.cpp:7) automatically.
INFO: [XFORM 203-602] Inlining function 'cos' into 'dft' (dft.cpp:20) automatically.
INFO: [XFORM 203-602] Inlining function 'sin' into 'dft' (dft.cpp:21) automatically.
WARNING: [SYNCHK 200-23] /wrk/2018.2/continuous/2018_06_14_2258646/src/products/hls/src/technology/autopilot/header_files/utils/x_hls_float_utils.h:424: variable-indexed range selection may cause suboptimal QoR.
INFO: [SYNCHK 200-10] 0 error(s), 1 warning(s).
INFO: [HLS 200-111] Finished Checking Synthesizability Time (s): cpu = 00:00:08 ; elapsed = 00:00:11 . Memory (MB): peak = 575.727 ; gain = 200.172 ; free physical = 19648 ; free virtual = 28549
INFO: [XFORM 203-102] Automatically partitioning small array 'out_bits.V' (/wrk/2018.2/continuous/2018_06_14_2258646/src/products/hls/src/technology/autopilot/header_files/utils/x_hls_float_utils.h:421) completely based on array size.
INFO: [XFORM 203-102] Automatically partitioning small array 'c' (/wrk/2018.2/continuous/2018_06_14_2258646/src/products/hls/src/technology/autopilot/header_files/utils/x_hls_float_utils.h:432) completely based on array size.
INFO: [XFORM 203-101] Partitioning array 'swap_table.1'  in dimension 1 completely.
INFO: [XFORM 203-101] Partitioning array 'swap_table'  in dimension 1 completely.
INFO: [XFORM 203-101] Partitioning array 'neg_sin_table'  in dimension 1 completely.
INFO: [XFORM 203-101] Partitioning array 'neg_cos_table'  in dimension 1 completely.
INFO: [XFORM 203-101] Partitioning array 'out_bits.V' (/wrk/2018.2/continuous/2018_06_14_2258646/src/products/hls/src/technology/autopilot/header_files/utils/x_hls_float_utils.h:421) in dimension 1 completely.
INFO: [XFORM 203-101] Partitioning array 'c' (/wrk/2018.2/continuous/2018_06_14_2258646/src/products/hls/src/technology/autopilot/header_files/utils/x_hls_float_utils.h:432) in dimension 1 completely.
INFO: [XFORM 203-602] Inlining function 'fp_struct<double>::expv' into 'range_redux_payne_hanek_hotbm<61, double, 63, 63>' (/wrk/2018.2/continuous/2018_06_14_2258646/src/products/hls/hls_lib/hlsmath/include/FloatingPoint/hls_range_redux.h:466) automatically.
INFO: [XFORM 203-602] Inlining function 'table_lookup_4oPi_hotbm<52, 61>' into 'range_redux_payne_hanek_hotbm<61, double, 63, 63>' (/wrk/2018.2/continuous/2018_06_14_2258646/src/products/hls/hls_lib/hlsmath/include/FloatingPoint/hls_range_redux.h:492) automatically.
INFO: [XFORM 203-602] Inlining function 'clz<61, 124, 0>' into 'range_redux_payne_hanek_hotbm<61, double, 63, 63>' (/wrk/2018.2/continuous/2018_06_14_2258646/src/products/hls/hls_lib/hlsmath/include/FloatingPoint/hls_range_redux.h:520) automatically.
INFO: [XFORM 203-602] Inlining function 'fp_struct<double>::data' into 'fp_struct<double>::to_double' (/wrk/2018.2/continuous/2018_06_14_2258646/src/products/hls/src/technology/autopilot/header_files/utils/x_hls_utils.h:475) automatically.
INFO: [XFORM 203-602] Inlining function 'fp_struct<double>::to_double' into 'fp_struct<double>::to_ieee' (/wrk/2018.2/continuous/2018_06_14_2258646/src/products/hls/src/technology/autopilot/header_files/utils/x_hls_utils.h:489) automatically.
INFO: [XFORM 203-602] Inlining function 'clz' into 'scaled_fixed2ieee<63, 1>' (/wrk/2018.2/continuous/2018_06_14_2258646/src/products/hls/src/technology/autopilot/header_files/utils/x_hls_float_utils.h:434) automatically.
INFO: [XFORM 203-602] Inlining function 'fp_struct<double>::set_mantissa' into 'scaled_fixed2ieee<63, 1>' (/wrk/2018.2/continuous/2018_06_14_2258646/src/products/hls/src/technology/autopilot/header_files/utils/x_hls_float_utils.h:462) automatically.
INFO: [XFORM 203-602] Inlining function 'fp_struct<double>::to_ieee' into 'scaled_fixed2ieee<63, 1>' (/wrk/2018.2/continuous/2018_06_14_2258646/src/products/hls/src/technology/autopilot/header_files/utils/x_hls_float_utils.h:465) automatically.
INFO: [XFORM 203-602] Inlining function 'range_redux_payne_hanek_hotbm<61, double, 63, 63>' into 'hotbm_::sin_or_cos<double>' (/wrk/2018.2/continuous/2018_06_14_2258646/src/products/hls/hls_lib/hlsmath/include/FloatingPoint/hls_hotbm.h:265) automatically.
INFO: [XFORM 203-602] Inlining function 'hotbm_::value_list<double>::sin_or_cos_approximation<63, 63>' into 'hotbm_::sin_or_cos<double>' (/wrk/2018.2/continuous/2018_06_14_2258646/src/products/hls/hls_lib/hlsmath/include/FloatingPoint/hls_hotbm.h:276) automatically.
INFO: [XFORM 203-602] Inlining function 'fp_struct<double>::to_ieee' into 'hotbm_::sin_or_cos<double>' (/wrk/2018.2/continuous/2018_06_14_2258646/src/products/hls/hls_lib/hlsmath/include/FloatingPoint/hls_hotbm.h:313) automatically.
INFO: [XFORM 203-602] Inlining function 'hotbm_::cos' into 'cos' (/wrk/2018.2/continuous/2018_06_14_2258646/src/products/hls/hls_lib/hlsmath/src/c/sincosdouble.cpp:12) automatically.
INFO: [XFORM 203-602] Inlining function 'hotbm_::sin' into 'sin' (/wrk/2018.2/continuous/2018_06_14_2258646/src/products/hls/hls_lib/hlsmath/src/c/sincosdouble.cpp:7) automatically.
INFO: [XFORM 203-602] Inlining function 'cos' into 'dft' (dft.cpp:20) automatically.
INFO: [XFORM 203-602] Inlining function 'sin' into 'dft' (dft.cpp:21) automatically.
INFO: [XFORM 203-401] Performing if-conversion on hyperblock from (/wrk/2018.2/continuous/2018_06_14_2258646/src/products/hls/src/technology/autopilot/header_files/utils/x_hls_float_utils.h:451:51) to (/wrk/2018.2/continuous/2018_06_14_2258646/src/products/hls/src/technology/autopilot/header_files/utils/x_hls_float_utils.h:466:1) in function 'scaled_fixed2ieee<63, 1>'... converting 3 basic blocks.
INFO: [XFORM 203-401] Performing if-conversion on hyperblock from (/wrk/2018.2/continuous/2018_06_14_2258646/src/products/hls/hls_lib/hlsmath/include/FloatingPoint/hls_hotbm.h:235:18) to (/wrk/2018.2/continuous/2018_06_14_2258646/src/products/hls/hls_lib/hlsmath/include/FloatingPoint/hls_hotbm.h:313:12) in function 'hotbm_::sin_or_cos<double>'... converting 11 basic blocks.
INFO: [HLS 200-111] Finished Pre-synthesis Time (s): cpu = 00:00:09 ; elapsed = 00:00:12 . Memory (MB): peak = 701.434 ; gain = 325.879 ; free physical = 19550 ; free virtual = 28457
WARNING: [XFORM 203-631] Renaming function 'scaled_fixed2ieee<63, 1>' to 'scaled_fixed2ieee' (/wrk/2018.2/continuous/2018_06_14_2258646/src/products/hls/src/technology/autopilot/header_files/utils/x_hls_float_utils.h:109:37)
WARNING: [XFORM 203-631] Renaming function 'hotbm_::sin_or_cos<double>' to 'sin_or_cos<double>' (/wrk/2018.2/continuous/2018_06_14_2258646/src/products/hls/hls_lib/hlsmath/include/FloatingPoint/hls_hotbm.h:235)
INFO: [HLS 200-111] Finished Architecture Synthesis Time (s): cpu = 00:00:10 ; elapsed = 00:00:13 . Memory (MB): peak = 713.758 ; gain = 338.203 ; free physical = 19515 ; free virtual = 28423
INFO: [HLS 200-10] Starting hardware synthesis ...
INFO: [HLS 200-10] Synthesizing 'dft' ...
WARNING: [SYN 201-103] Legalizing function name 'sin_or_cos<double>' to 'sin_or_cos_double_s'.
INFO: [HLS 200-10] ----------------------------------------------------------------
INFO: [HLS 200-42] -- Implementing module 'scaled_fixed2ieee' 
INFO: [HLS 200-10] ----------------------------------------------------------------
INFO: [SCHED 204-11] Starting scheduling ...
INFO: [SCHED 204-11] Finished scheduling.
INFO: [HLS 200-111]  Elapsed time: 12.9 seconds; current allocated memory: 310.385 MB.
INFO: [HLS 200-434] Only 0 loops out of a total 3 loops have been pipelined in this design.
INFO: [BIND 205-100] Starting micro-architecture generation ...
INFO: [BIND 205-101] Performing variable lifetime analysis.
INFO: [BIND 205-101] Exploring resource sharing.
INFO: [BIND 205-101] Binding ...
INFO: [BIND 205-100] Finished micro-architecture generation.
INFO: [HLS 200-111]  Elapsed time: 0.13 seconds; current allocated memory: 310.840 MB.
INFO: [HLS 200-10] ----------------------------------------------------------------
INFO: [HLS 200-42] -- Implementing module 'sin_or_cos_double_s' 
INFO: [HLS 200-10] ----------------------------------------------------------------
INFO: [SCHED 204-11] Starting scheduling ...
INFO: [SCHED 204-11] Finished scheduling.
INFO: [HLS 200-111]  Elapsed time: 0.38 seconds; current allocated memory: 311.837 MB.
INFO: [BIND 205-100] Starting micro-architecture generation ...
INFO: [BIND 205-101] Performing variable lifetime analysis.
INFO: [BIND 205-101] Exploring resource sharing.
INFO: [BIND 205-101] Binding ...
INFO: [BIND 205-100] Finished micro-architecture generation.
INFO: [HLS 200-111]  Elapsed time: 0.11 seconds; current allocated memory: 312.542 MB.
INFO: [HLS 200-10] ----------------------------------------------------------------
INFO: [HLS 200-42] -- Implementing module 'dft' 
INFO: [HLS 200-10] ----------------------------------------------------------------
INFO: [SCHED 204-11] Starting scheduling ...
INFO: [SCHED 204-11] Finished scheduling.
INFO: [HLS 200-111]  Elapsed time: 0.27 seconds; current allocated memory: 313.446 MB.
INFO: [BIND 205-100] Starting micro-architecture generation ...
INFO: [BIND 205-101] Performing variable lifetime analysis.
INFO: [BIND 205-101] Exploring resource sharing.
INFO: [BIND 205-101] Binding ...
INFO: [BIND 205-100] Finished micro-architecture generation.
INFO: [HLS 200-111]  Elapsed time: 0.17 seconds; current allocated memory: 313.899 MB.
INFO: [HLS 200-10] ----------------------------------------------------------------
INFO: [HLS 200-10] -- Generating RTL for module 'scaled_fixed2ieee' 
INFO: [HLS 200-10] ----------------------------------------------------------------
INFO: [RTGEN 206-100] Generating core module 'dft_mux_42_32_1_1': 2 instance(s).
INFO: [RTGEN 206-100] Finished creating RTL model for 'scaled_fixed2ieee'.
INFO: [HLS 200-111]  Elapsed time: 0.39 seconds; current allocated memory: 314.826 MB.
INFO: [HLS 200-10] ----------------------------------------------------------------
INFO: [HLS 200-10] -- Generating RTL for module 'sin_or_cos_double_s' 
INFO: [HLS 200-10] ----------------------------------------------------------------
INFO: [SYN 201-210] Renamed object name 'sin_or_cos_double_s_ref_4oPi_table_256_V' to 'sin_or_cos_doublebkb' due to the length limit 20
INFO: [SYN 201-210] Renamed object name 'sin_or_cos_double_s_fourth_order_double_4' to 'sin_or_cos_doublecud' due to the length limit 20
INFO: [SYN 201-210] Renamed object name 'sin_or_cos_double_s_fourth_order_double_5' to 'sin_or_cos_doubledEe' due to the length limit 20
INFO: [SYN 201-210] Renamed object name 'sin_or_cos_double_s_fourth_order_double_6' to 'sin_or_cos_doubleeOg' due to the length limit 20
INFO: [SYN 201-210] Renamed object name 'sin_or_cos_double_s_fourth_order_double_7' to 'sin_or_cos_doublefYi' due to the length limit 20
INFO: [SYN 201-210] Renamed object name 'sin_or_cos_double_s_fourth_order_double_s' to 'sin_or_cos_doubleg8j' due to the length limit 20
INFO: [SYN 201-210] Renamed object name 'dft_mul_170ns_53ns_223_5_1' to 'dft_mul_170ns_53nhbi' due to the length limit 20
INFO: [SYN 201-210] Renamed object name 'dft_mul_49ns_49ns_98_2_1' to 'dft_mul_49ns_49nsibs' due to the length limit 20
INFO: [SYN 201-210] Renamed object name 'dft_mul_56ns_52s_108_2_1' to 'dft_mul_56ns_52s_jbC' due to the length limit 20
INFO: [SYN 201-210] Renamed object name 'dft_mul_49ns_44s_93_2_1' to 'dft_mul_49ns_44s_kbM' due to the length limit 20
INFO: [SYN 201-210] Renamed object name 'dft_mul_42ns_33ns_75_2_1' to 'dft_mul_42ns_33nslbW' due to the length limit 20
INFO: [SYN 201-210] Renamed object name 'dft_mul_64s_63ns_126_5_1' to 'dft_mul_64s_63ns_mb6' due to the length limit 20
INFO: [RTGEN 206-100] Generating core module 'dft_mul_170ns_53nhbi': 1 instance(s).
