

================================================================
== Vivado HLS Report for 'dft'
================================================================
* Date:           Fri May 17 16:31:46 2019

* Version:        2018.2 (Build 2258646 on Thu Jun 14 20:25:20 MDT 2018)
* Project:        DFT_HLS
* Solution:       solution1
* Product family: aartix7
* Target device:  xa7a12tcsg325-1q


================================================================
== Performance Estimates
================================================================
+ Timing (ns): 
    * Summary: 
    +--------+-------+----------+------------+
    |  Clock | Target| Estimated| Uncertainty|
    +--------+-------+----------+------------+
    |ap_clk  |  10.00|     8.573|        1.25|
    +--------+-------+----------+------------+

+ Latency (clock cycles): 
    * Summary: 
    +---------+---------+---------+---------+---------+
    |      Latency      |      Interval     | Pipeline|
    |   min   |   max   |   min   |   max   |   Type  |
    +---------+---------+---------+---------+---------+
    |  4591618|  5115906|  4591618|  5115906|   none  |
    +---------+---------+---------+---------+---------+

    + Detail: 
        * Instance: 
        +--------------------------------+---------------------+-----+-----+-----+-----+---------+
        |                                |                     |  Latency  |  Interval | Pipeline|
        |            Instance            |        Module       | min | max | min | max |   Type  |
        +--------------------------------+---------------------+-----+-----+-----+-----+---------+
        |grp_sin_or_cos_double_s_fu_197  |sin_or_cos_double_s  |   42|   50|   42|   50|   none  |
        |grp_sin_or_cos_double_s_fu_216  |sin_or_cos_double_s  |   42|   50|   42|   50|   none  |
        +--------------------------------+---------------------+-----+-----+-----+-----+---------+

        * Loop: 
        +-------------+---------+---------+---------------+-----------+-----------+------+----------+
        |             |      Latency      |   Iteration   |  Initiation Interval  | Trip |          |
        |  Loop Name  |   min   |   max   |    Latency    |  achieved |   target  | Count| Pipelined|
        +-------------+---------+---------+---------------+-----------+-----------+------+----------+
        |- Loop 1     |  4591104|  5115392| 17934 ~ 19982 |          -|          -|   256|    no    |
        | + Loop 1.1  |    17920|    19968|    70 ~ 78    |          -|          -|   256|    no    |
        |- Loop 2     |      512|      512|              2|          -|          -|   256|    no    |
        +-------------+---------+---------+---------------+-----------+-----------+------+----------+



================================================================
== Utilization Estimates
================================================================
* Summary: 
+-----------------+---------+-------+-------+-------+
|       Name      | BRAM_18K| DSP48E|   FF  |  LUT  |
+-----------------+---------+-------+-------+-------+
|DSP              |        -|      -|      -|      -|
|Expression       |        -|      -|      0|     95|
|FIFO             |        -|      -|      -|      -|
|Instance         |       16|    199|  11702|  17609|
|Memory           |        2|      -|      0|      0|
|Multiplexer      |        -|      -|      -|    509|
|Register         |        -|      -|    829|      -|
+-----------------+---------+-------+-------+-------+
|Total            |       18|    199|  12531|  18213|
+-----------------+---------+-------+-------+-------+
|Available        |       40|     40|  16000|   8000|
+-----------------+---------+-------+-------+-------+
|Utilization (%)  |       45|    497|     78|    227|
+-----------------+---------+-------+-------+-------+

+ Detail: 
    * Instance: 
    +--------------------------------+----------------------+---------+-------+------+------+
    |            Instance            |        Module        | BRAM_18K| DSP48E|  FF  |  LUT |
    +--------------------------------+----------------------+---------+-------+------+------+
    |dft_dmul_64ns_64nsc4_U44        |dft_dmul_64ns_64nsc4  |        0|     11|   317|   575|
    |dft_faddfsub_32nsncg_U34        |dft_faddfsub_32nsncg  |        0|      2|   205|   390|
    |dft_faddfsub_32nsncg_U35        |dft_faddfsub_32nsncg  |        0|      2|   205|   390|
    |dft_fmul_32ns_32nocq_U36        |dft_fmul_32ns_32nocq  |        0|      3|   143|   322|
    |dft_fmul_32ns_32nocq_U37        |dft_fmul_32ns_32nocq  |        0|      3|   143|   322|
    |dft_fmul_32ns_32nocq_U38        |dft_fmul_32ns_32nocq  |        0|      3|   143|   322|
    |dft_fmul_32ns_32nocq_U39        |dft_fmul_32ns_32nocq  |        0|      3|   143|   322|
    |dft_fpext_32ns_64rcU_U43        |dft_fpext_32ns_64rcU  |        0|      0|   100|   137|
    |dft_fptrunc_64ns_qcK_U41        |dft_fptrunc_64ns_qcK  |        0|      0|   128|   284|
    |dft_fptrunc_64ns_qcK_U42        |dft_fptrunc_64ns_qcK  |        0|      0|   128|   284|
    |dft_uitofp_32ns_3pcA_U40        |dft_uitofp_32ns_3pcA  |        0|      0|   229|   549|
    |grp_sin_or_cos_double_s_fu_197  |sin_or_cos_double_s   |        8|     86|  4909|  6856|
    |grp_sin_or_cos_double_s_fu_216  |sin_or_cos_double_s   |        8|     86|  4909|  6856|
    +--------------------------------+----------------------+---------+-------+------+------+
    |Total                           |                      |       16|    199| 11702| 17609|
    +--------------------------------+----------------------+---------+-------+------+------+

    * DSP48: 
    N/A

    * Memory: 
    +-------------+---------------+---------+---+----+------+-----+------+-------------+
    |    Memory   |     Module    | BRAM_18K| FF| LUT| Words| Bits| Banks| W*Bits*Banks|
    +-------------+---------------+---------+---+----+------+-----+------+-------------+
    |temp_real_U  |dft_temp_real  |        1|  0|   0|   256|   32|     1|         8192|
    |temp_imag_U  |dft_temp_real  |        1|  0|   0|   256|   32|     1|         8192|
    +-------------+---------------+---------+---+----+------+-----+------+-------------+
    |Total        |               |        2|  0|   0|   512|   64|     2|        16384|
    +-------------+---------------+---------+---+----+------+-----+------+-------------+

    * FIFO: 
    N/A

    * Expression: 
    +----------------------------------+----------+-------+---+----+------------+------------+
    |           Variable Name          | Operation| DSP48E| FF| LUT| Bitwidth P0| Bitwidth P1|
    +----------------------------------+----------+-------+---+----+------------+------------+
    |i_4_fu_363_p2                     |     +    |      0|  0|  16|           9|           1|
    |i_5_fu_317_p2                     |     +    |      0|  0|  16|           9|           1|
    |j_1_fu_340_p2                     |     +    |      0|  0|  16|           9|           1|
    |tmp_14_fu_357_p2                  |   icmp   |      0|  0|  13|           9|          10|
    |tmp_17_fu_334_p2                  |   icmp   |      0|  0|  13|           9|          10|
    |tmp_fu_311_p2                     |   icmp   |      0|  0|  13|           9|          10|
    |ap_block_state26_on_subcall_done  |    or    |      0|  0|   8|           1|           1|
    +----------------------------------+----------+-------+---+----+------------+------------+
    |Total                             |          |      0|  0|  95|          55|          34|
    +----------------------------------+----------+-------+---+----+------------+------------+

    * Multiplexer: 
    +----------------------+-----+-----------+-----+-----------+
    |         Name         | LUT | Input Size| Bits| Total Bits|
    +----------------------+-----+-----------+-----+-----------+
    |ap_NS_fsm             |  197|         45|    1|         45|
    |grp_fu_235_opcode     |   15|          3|    2|          6|
    |grp_fu_235_p0         |   15|          3|   32|         96|
    |grp_fu_235_p1         |   15|          3|   32|         96|
    |grp_fu_239_opcode     |   15|          3|    2|          6|
    |grp_fu_239_p0         |   15|          3|   32|         96|
    |grp_fu_239_p1         |   15|          3|   32|         96|
    |grp_fu_245_p0         |   15|          3|   32|         96|
    |grp_fu_245_p1         |   15|          3|   32|         96|
    |grp_fu_261_p0         |   15|          3|   32|         96|
    |grp_fu_264_p0         |   15|          3|   64|        192|
    |grp_fu_270_p0         |   15|          3|   32|         96|
    |i_1_reg_186           |    9|          2|    9|         18|
    |i_reg_138             |    9|          2|    9|         18|
    |j_reg_174             |    9|          2|    9|         18|
    |sample_imag_address0  |   15|          3|    8|         24|
    |sample_real_address0  |   15|          3|    8|         24|
    |temp_imag_address0    |   21|          4|    8|         32|
    |temp_imag_d0          |   15|          3|   32|         96|
    |temp_real_address0    |   21|          4|    8|         32|
    |temp_real_d0          |   15|          3|   32|         96|
    |tmp_15_reg_150        |    9|          2|   32|         64|
    |tmp_16_reg_162        |    9|          2|   32|         64|
    +----------------------+-----+-----------+-----+-----------+
    |Total                 |  509|        108|  512|       1503|
    +----------------------+-----+-----------+-----+-----------+

    * Register: 
    +---------------------------------------------+----+----+-----+-----------+
    |                     Name                    | FF | LUT| Bits| Const Bits|
    +---------------------------------------------+----+----+-----+-----------+
    |ap_CS_fsm                                    |  44|   0|   44|          0|
    |c_reg_441                                    |  32|   0|   32|          0|
    |grp_sin_or_cos_double_s_fu_197_ap_start_reg  |   1|   0|    1|          0|
    |grp_sin_or_cos_double_s_fu_216_ap_start_reg  |   1|   0|    1|          0|
    |i_1_reg_186                                  |   9|   0|    9|          0|
    |i_4_reg_483                                  |   9|   0|    9|          0|
    |i_5_reg_378                                  |   9|   0|    9|          0|
    |i_reg_138                                    |   9|   0|    9|          0|
    |j_1_reg_411                                  |   9|   0|    9|          0|
    |j_reg_174                                    |   9|   0|    9|          0|
    |reg_278                                      |  32|   0|   32|          0|
    |reg_284                                      |  64|   0|   64|          0|
    |reg_291                                      |  32|   0|   32|          0|
    |reg_297                                      |  32|   0|   32|          0|
    |reg_304                                      |  32|   0|   32|          0|
    |s_reg_447                                    |  32|   0|   32|          0|
    |sample_imag_load_reg_459                     |  32|   0|   32|          0|
    |sample_real_load_reg_453                     |  32|   0|   32|          0|
    |temp_imag_addr_reg_398                       |   8|   0|    8|          0|
    |temp_real_addr_reg_393                       |   8|   0|    8|          0|
    |tmp_13_reg_388                               |  64|   0|   64|          0|
    |tmp_15_reg_150                               |  32|   0|   32|          0|
    |tmp_16_reg_162                               |  32|   0|   32|          0|
    |tmp_18_reg_488                               |   9|   0|   64|         55|
    |tmp_23_reg_465                               |  32|   0|   32|          0|
    |tmp_26_reg_470                               |  32|   0|   32|          0|
    |tmp_27_reg_475                               |  32|   0|   32|          0|
    |tmp_i_i9_reg_426                             |  64|   0|   64|          0|
    |tmp_i_i_reg_421                              |  64|   0|   64|          0|
    |w_reg_403                                    |  32|   0|   32|          0|
    +---------------------------------------------+----+----+-----+-----------+
    |Total                                        | 829|   0|  884|         55|
    +---------------------------------------------+----+----+-----+-----------+



================================================================
== Interface
================================================================
* Summary: 
+----------------------+-----+-----+------------+--------------+--------------+
|       RTL Ports      | Dir | Bits|  Protocol  | Source Object|    C Type    |
+----------------------+-----+-----+------------+--------------+--------------+
|ap_clk                |  in |    1| ap_ctrl_hs |      dft     | return value |
|ap_rst                |  in |    1| ap_ctrl_hs |      dft     | return value |
|ap_start              |  in |    1| ap_ctrl_hs |      dft     | return value |
|ap_done               | out |    1| ap_ctrl_hs |      dft     | return value |
|ap_idle               | out |    1| ap_ctrl_hs |      dft     | return value |
|ap_ready              | out |    1| ap_ctrl_hs |      dft     | return value |
|sample_real_address0  | out |    8|  ap_memory |  sample_real |     array    |
|sample_real_ce0       | out |    1|  ap_memory |  sample_real |     array    |
|sample_real_we0       | out |    1|  ap_memory |  sample_real |     array    |
|sample_real_d0        | out |   32|  ap_memory |  sample_real |     array    |
|sample_real_q0        |  in |   32|  ap_memory |  sample_real |     array    |
|sample_imag_address0  | out |    8|  ap_memory |  sample_imag |     array    |
|sample_imag_ce0       | out |    1|  ap_memory |  sample_imag |     array    |
|sample_imag_we0       | out |    1|  ap_memory |  sample_imag |     array    |
|sample_imag_d0        | out |   32|  ap_memory |  sample_imag |     array    |
|sample_imag_q0        |  in |   32|  ap_memory |  sample_imag |     array    |
+----------------------+-----+-----+------------+--------------+--------------+

