INFO: [SIM 2] *************** CSIM start ***************
INFO: [SIM 4] CSIM will launch GCC as the compiler.
   Compiling ../../../../dft_test.cpp in debug mode
   Compiling ../../../../dft.cpp in debug mode
   Generating csim.exe
          32640              0
       -128.001        10429.9
       -127.998        5214.14
           -128        3475.22
       -127.999         2605.5
       -128.002        2083.46
           -128        1735.25
       -128.002        1486.39
       -127.998        1299.61
       -128.001        1154.21
           -128         1037.8
       -128.003        942.451
       -128.002        862.907
       -127.997        795.522
       -128.003        737.682
       -128.001        687.487
       -127.999        643.501
       -128.004        604.623
           -128         570.01
       -127.998        538.984
           -128        511.001
       -128.005        485.641
       -128.004        462.542
       -128.005        441.388
       -128.001        421.969
           -128        404.038
       -127.992        387.463
       -128.001        372.065
       -128.005        357.744
       -128.003        344.353
       -127.998        331.835
           -128        320.073
        -127.99        309.028
       -127.994        298.598
       -128.003        288.769
       -127.998        279.455
       -127.998         270.64
           -128        262.257
           -128          254.3
       -128.003        246.701
       -128.002        239.477
       -127.999        232.566
       -127.997        225.944
       -127.992        219.612
       -128.004        213.542
       -128.006        207.742
       -127.992        202.135
           -128        196.757
       -127.991        191.565
       -128.001        186.579
       -128.002         181.74
       -127.989        177.095
       -128.002        172.585
       -128.002        168.239
       -127.999        164.016
       -127.999        159.934
       -128.004        155.974
       -127.999        152.135
       -128.009        148.382
       -128.038        144.777
       -128.003        141.221
       -127.999        137.768
       -127.992        134.437
       -128.003        131.183
       -127.994         127.99
       -127.999        124.898
       -128.013        121.874
       -127.998        118.899
       -128.013         116.01
       -127.998        113.172
       -128.003        110.408
           -128        107.697
       -127.993        105.051
       -127.996        102.442
       -127.998          99.89
       -127.998        97.3925
       -127.999         94.929
       -127.995        92.5037
       -128.009        90.1356
       -128.003        87.8099
       -128.004        85.5248
       -127.998         83.272
           -128        81.0714
       -127.985        78.8674
       -128.003        76.7062
       -128.007         74.588
       -128.028        72.5024
       -127.977        70.4265
       -128.007        68.4078
       -127.998        66.4185
       -128.016        64.4276
       -127.991        62.4697
       -128.018        60.5487
       -128.013        58.6292
       -128.015        56.6795
       -128.001        54.8654
       -128.007        53.0158
       -127.998        51.1873
       -127.991        49.3652
       -127.984        47.5802
       -127.918        45.8528
       -128.025        44.0459
       -127.993        42.2524
       -127.992        40.5502
       -127.977        38.8111
       -127.998        37.1165
       -127.993        35.4184
       -127.998        33.7371
       -128.003        32.0671
       -128.004        30.3922
       -127.999        28.7691
       -127.999        27.1004
       -128.001        25.4561
       -128.003        23.8312
           -128        22.2149
       -128.018        20.6155
       -127.995        19.0167
       -127.997        17.3551
       -128.011        15.7827
       -127.993         14.182
       -127.989        12.5971
       -127.996        11.0283
       -128.007        9.44661
       -128.009        7.85835
       -128.022        6.28285
       -127.924        4.87209
       -128.004        3.13377
        -127.99         1.5705
           -128     0.00398049
       -127.992       -1.58072
        -127.96       -3.14937
       -128.009       -4.73645
       -128.008       -6.29702
        -127.98       -7.79606
       -127.999       -9.45824
        -128.01       -11.0327
       -127.942       -12.6208
        -127.99       -14.1952
       -128.002       -15.7958
           -128       -17.3872
       -128.004       -18.9907
       -127.978       -20.6144
       -127.999       -22.2262
       -127.977       -23.8129
       -127.996       -25.4543
       -127.999       -27.1098
        -127.99       -28.7584
       -127.988       -30.4363
       -128.001       -32.0559
       -128.003       -33.7404
       -128.026       -35.3923
       -127.949       -37.2218
       -128.016       -38.8233
       -127.993       -40.5708
       -128.003        -42.287
       -127.992        -43.948
           -128       -45.7879
       -127.999         -47.58
       -128.011       -49.3645
       -128.002       -51.1637
       -127.991       -53.0229
       -128.005       -54.8644
       -128.001       -56.7334
       -127.998       -58.5872
       -127.999       -60.5394
       -127.979       -62.4454
       -128.026       -64.4297
       -128.069       -66.3635
       -128.031       -68.4415
        -128.03        -70.451
       -127.997       -72.5065
       -128.004       -74.5901
       -127.942       -76.7118
       -128.014        -78.897
       -128.057       -81.0947
       -128.077       -83.2276
       -127.963       -85.5219
        -127.99       -87.8549
       -128.021       -90.1387
       -128.007       -92.5267
       -128.141       -94.9231
       -128.016       -97.3931
       -128.004       -99.8382
       -128.019       -102.501
       -128.025       -105.054
        -128.01        -107.71
       -128.008       -110.392
       -128.006       -113.211
       -128.067       -115.993
        -127.96       -118.897
       -128.026       -121.913
       -128.008       -124.928
       -127.987       -128.006
       -127.994       -131.205
       -128.007        -134.43
       -128.046       -137.761
       -128.039       -141.204
       -128.026       -144.736
       -127.978       -148.477
       -127.993       -152.109
       -128.059       -156.065
       -127.997       -159.934
       -128.009       -164.011
       -127.982       -168.248
       -127.975       -172.593
       -127.986         -177.1
       -128.019       -181.732
        -128.05        -186.65
       -127.975       -191.561
       -127.934       -196.802
           -128       -202.131
       -128.003       -207.768
       -127.994       -213.521
       -128.013       -219.706
       -128.007       -225.965
       -127.972       -232.577
       -127.976       -239.489
       -127.933       -246.676
       -127.994       -254.272
       -127.959       -262.298
       -127.996       -270.602
       -128.004       -279.451
       -128.013       -288.892
       -127.996       -298.607
       -127.828        -308.82
       -127.971       -320.098
       -127.989       -331.814
       -127.832       -344.292
       -127.982       -357.752
       -127.951       -372.104
        -127.98       -387.481
       -127.988       -404.085
       -127.976       -422.003
       -128.002       -441.401
       -128.027       -462.534
       -127.987       -485.642
        -128.02       -510.992
        -127.97       -539.027
       -127.982       -570.033
       -127.999       -604.623
       -127.996       -643.484
        -127.98       -687.427
       -128.027       -737.622
       -128.389       -795.532
       -127.973       -862.947
       -127.953       -942.454
       -127.976       -1037.82
       -128.023       -1154.18
       -128.013       -1299.59
       -128.084       -1486.38
        -128.05       -1735.34
        -127.92       -2083.43
       -127.931       -2605.49
       -127.917       -3475.22
       -128.055       -5214.16
       -128.278       -10429.9

Golden Values
          32640          32640              0              0
       -128.004       -128.001        10429.9        10429.9
           -128       -127.998        5214.14        5214.14
       -128.001           -128        3475.22        3475.22
           -128       -127.999         2605.5         2605.5
           -128       -128.002        2083.46        2083.46
           -128           -128        1735.25        1735.25
           -128       -128.002        1486.39        1486.39
           -128       -127.998        1299.61        1299.61
           -128       -128.001        1154.21        1154.21
           -128           -128         1037.8         1037.8
           -128       -128.003         942.45        942.451
           -128       -128.002        862.906        862.907
           -128       -127.997        795.518        795.522
           -128       -128.003        737.682        737.682
           -128       -128.001        687.488        687.487
           -128       -127.999        643.499        643.501
           -128       -128.004        604.624        604.623
           -128           -128         570.01         570.01
           -128       -127.998        538.985        538.984
           -128           -128        511.005        511.001
           -128       -128.005        485.641        485.641
           -128       -128.004        462.532        462.542
           -128       -128.005        441.388        441.388
           -128       -128.001        421.959        421.969
           -128           -128        404.042        404.038
           -128       -127.992        387.461        387.463
           -128       -128.001        372.069        372.065
           -128       -128.005        357.736        357.744
           -128       -128.003        344.355        344.353
           -128       -127.998        331.828        331.835
           -128           -128        320.073        320.073
           -128        -127.99        309.019        309.028
           -128       -127.994        298.602        298.598
           -128       -128.003        288.763        288.769
           -128       -127.998        279.454        279.455
           -128       -127.998        270.633         270.64
           -128           -128        262.257        262.257
           -128           -128        254.294          254.3
           -128       -128.003        246.707        246.701
           -128       -128.002        239.471        239.477
           -128       -127.999        232.561        232.566
           -128       -127.997        225.952        225.944
           -128       -127.992        219.623        219.612
           -128       -128.004        213.555        213.542
           -128       -128.006        207.731        207.742
           -128       -127.992        202.134        202.135
           -128           -128        196.749        196.757
           -128       -127.991        191.566        191.565
           -128       -128.001        186.569        186.579
           -128       -128.002        181.746         181.74
           -128       -127.989         177.09        177.095
           -128       -128.002        172.588        172.585
           -128       -128.002        168.233        168.239
           -128       -127.999        164.017        164.016
           -128       -127.999        159.931        159.934
           -128       -128.004        155.968        155.974
           -128       -127.999        152.124        152.135
           -128       -128.009        148.388        148.382
           -128       -128.038        144.757        144.777
           -128       -128.003        141.226        141.221
           -128       -127.999        137.789        137.768
           -128       -127.992        134.442        134.437
           -128       -128.003        131.182        131.183
           -128       -127.994            128         127.99
           -128       -127.999        124.897        124.898
           -128       -128.013        121.866        121.874
           -128       -127.998        118.906        118.899
           -128       -128.013        116.013         116.01
           -128       -127.998        113.182        113.172
           -128       -128.003        110.413        110.408
           -128           -128        107.702        107.697
           -128       -127.993        105.047        105.051
           -128       -127.996        102.444        102.442
           -128       -127.998        99.8925          99.89
           -128       -127.998        97.3883        97.3925
           -128       -127.999        94.9322         94.929
           -128       -127.995        92.5182        92.5037
           -128       -128.009        90.1482        90.1356
           -128       -128.003         87.818        87.8099
           -128       -128.004         85.527        85.5248
           -128       -127.998         83.274         83.272
           -128           -128         81.055        81.0714
           -128       -127.985        78.8713        78.8674
           -128       -128.003        76.7203        76.7062
           -128       -128.007        74.6002         74.588
           -128       -128.028        72.5113        72.5024
           -128       -127.977        70.4509        70.4265
           -128       -128.007        68.4173        68.4078
           -128       -127.998        66.4102        66.4185
           -128       -128.016        64.4298        64.4276
           -128       -127.991        62.4719        62.4697
           -128       -128.018        60.5397        60.5487
           -128       -128.013        58.6284        58.6292
           -128       -128.015        56.7375        56.6795
           -128       -128.001        54.8703        54.8654
           -128       -128.007        53.0194        53.0158
           -128       -127.998        51.1885        51.1873
           -128       -127.991        49.3755        49.3652
           -128       -127.984        47.5794        47.5802
           -128       -127.918        45.7992        45.8528
           -128       -128.025        44.0354        44.0459
           -128       -127.993        42.2858        42.2524
           -128       -127.992        40.5496        40.5502
           -128       -127.977        38.8278        38.8111
           -128       -127.998        37.1192        37.1165
           -128       -127.993        35.4225        35.4184
           -128       -127.998         33.737        33.7371
           -128       -128.003        32.0622        32.0671
           -128       -128.004        30.3967        30.3922
           -128       -127.999        28.7434        28.7691
           -128       -127.999        27.0979        27.1004
           -128       -128.001        25.4607        25.4561
           -128       -128.003        23.8318        23.8312
           -128           -128        22.2109        22.2149
           -128       -128.018        20.5954        20.6155
           -128       -127.995        18.9873        19.0167
           -128       -127.997        17.3852        17.3551
           -128       -128.011        15.7873        15.7827
           -128       -127.993        14.1949         14.182
           -128       -127.989        12.6067        12.5971
           -128       -127.996        11.0231        11.0283
           -128       -128.007        9.44152        9.44661
           -128       -128.009        7.86354        7.85835
           -128       -128.022        6.28813        6.28285
           -128       -127.924        4.71524        4.87209
           -128       -128.004        3.14237        3.13377
           -128        -127.99        1.57156         1.5705
           -128           -128              0     0.00398049
           -128       -127.992       -1.57156       -1.58072
           -128        -127.96       -3.14237       -3.14937
           -128       -128.009       -4.71524       -4.73645
           -128       -128.008       -6.28813       -6.29702
           -128        -127.98       -7.86354       -7.79606
           -128       -127.999       -9.44152       -9.45824
           -128        -128.01       -11.0231       -11.0327
           -128       -127.942       -12.6067       -12.6208
           -128        -127.99       -14.1949       -14.1952
           -128       -128.002       -15.7873       -15.7958
           -128           -128       -17.3852       -17.3872
           -128       -128.004       -18.9873       -18.9907
           -128       -127.978       -20.5954       -20.6144
           -128       -127.999       -22.2109       -22.2262
           -128       -127.977       -23.8318       -23.8129
           -128       -127.996       -25.4607       -25.4543
           -128       -127.999       -27.0979       -27.1098
           -128        -127.99       -28.7434       -28.7584
           -128       -127.988       -30.3967       -30.4363
           -128       -128.001       -32.0622       -32.0559
           -128       -128.003        -33.737       -33.7404
           -128       -128.026       -35.4225       -35.3923
           -128       -127.949       -37.1192       -37.2218
           -128       -128.016       -38.8278       -38.8233
           -128       -127.993       -40.5496       -40.5708
           -128       -128.003       -42.2858        -42.287
           -128       -127.992       -44.0354        -43.948
           -128           -128       -45.7992       -45.7879
           -128       -127.999       -47.5794         -47.58
           -128       -128.011       -49.3755       -49.3645
           -128       -128.002       -51.1885       -51.1637
           -128       -127.991       -53.0194       -53.0229
           -128       -128.005       -54.8703       -54.8644
           -128       -128.001       -56.7375       -56.7334
           -128       -127.998       -58.6284       -58.5872
           -128       -127.999       -60.5397       -60.5394
           -128       -127.979       -62.4719       -62.4454
           -128       -128.026       -64.4298       -64.4297
           -128       -128.069       -66.4102       -66.3635
           -128       -128.031       -68.4173       -68.4415
           -128        -128.03       -70.4509        -70.451
           -128       -127.997       -72.5113       -72.5065
           -128       -128.004       -74.6002       -74.5901
           -128       -127.942       -76.7203       -76.7118
           -128       -128.014       -78.8713        -78.897
           -128       -128.057        -81.055       -81.0947
           -128       -128.077        -83.274       -83.2276
           -128       -127.963        -85.527       -85.5219
           -128        -127.99        -87.818       -87.8549
           -128       -128.021       -90.1482       -90.1387
           -128       -128.007       -92.5182       -92.5267
           -128       -128.141       -94.9322       -94.9231
           -128       -128.016       -97.3883       -97.3931
           -128       -128.004       -99.8925       -99.8382
           -128       -128.019       -102.444       -102.501
           -128       -128.025       -105.047       -105.054
           -128        -128.01       -107.702        -107.71
           -128       -128.008       -110.413       -110.392
           -128       -128.006       -113.182       -113.211
           -128       -128.067       -116.013       -115.993
           -128        -127.96       -118.906       -118.897
           -128       -128.026       -121.866       -121.913
           -128       -128.008       -124.897       -124.928
           -128       -127.987           -128       -128.006
           -128       -127.994       -131.182       -131.205
           -128       -128.007       -134.442        -134.43
           -128       -128.046       -137.789       -137.761
           -128       -128.039       -141.226       -141.204
           -128       -128.026       -144.757       -144.736
           -128       -127.978       -148.388       -148.477
           -128       -127.993       -152.124       -152.109
           -128       -128.059       -155.968       -156.065
           -128       -127.997       -159.931       -159.934
           -128       -128.009       -164.017       -164.011
           -128       -127.982       -168.233       -168.248
           -128       -127.975       -172.588       -172.593
           -128       -127.986        -177.09         -177.1
           -128       -128.019       -181.746       -181.732
           -128        -128.05       -186.569        -186.65
           -128       -127.975       -191.566       -191.561
           -128       -127.934       -196.749       -196.802
           -128           -128       -202.134       -202.131
           -128       -128.003       -207.731       -207.768
           -128       -127.994       -213.555       -213.521
           -128       -128.013       -219.623       -219.706
           -128       -128.007       -225.952       -225.965
           -128       -127.972       -232.561       -232.577
           -128       -127.976       -239.471       -239.489
           -128       -127.933       -246.707       -246.676
           -128       -127.994       -254.294       -254.272
           -128       -127.959       -262.257       -262.298
           -128       -127.996       -270.633       -270.602
           -128       -128.004       -279.454       -279.451
           -128       -128.013       -288.763       -288.892
           -128       -127.996       -298.602       -298.607
           -128       -127.828       -309.019        -308.82
           -128       -127.971       -320.073       -320.098
           -128       -127.989       -331.828       -331.814
           -128       -127.832       -344.355       -344.292
           -128       -127.982       -357.736       -357.752
           -128       -127.951       -372.069       -372.104
           -128        -127.98       -387.461       -387.481
           -128       -127.988       -404.042       -404.085
           -128       -127.976       -421.959       -422.003
           -128       -128.002       -441.388       -441.401
           -128       -128.027       -462.532       -462.534
           -128       -127.987       -485.641       -485.642
           -128        -128.02       -511.005       -510.992
           -128        -127.97       -538.985       -539.027
           -128       -127.982        -570.01       -570.033
           -128       -127.999       -604.624       -604.623
           -128       -127.996       -643.499       -643.484
           -128        -127.98       -687.488       -687.427
           -128       -128.027       -737.682       -737.622
           -128       -128.389       -795.518       -795.532
           -128       -127.973       -862.906       -862.947
           -128       -127.953        -942.45       -942.454
           -128       -127.976        -1037.8       -1037.82
           -128       -128.023       -1154.21       -1154.18
           -128       -128.013       -1299.61       -1299.59
           -128       -128.084       -1486.39       -1486.38
           -128        -128.05       -1735.25       -1735.34
           -128        -127.92       -2083.46       -2083.43
           -128       -127.931        -2605.5       -2605.49
       -128.001       -127.917       -3475.22       -3475.22
           -128       -128.055       -5214.14       -5214.16
       -128.004       -128.278       -10429.9       -10429.9
----------------------------------------------
   RMSE(R)           RMSE(I)
0.041321460157633 0.030046040192246
----------------------------------------------
*******************************************
PASS: The output matches the golden output!
*******************************************
INFO: [SIM 1] CSim done with 0 errors.
INFO: [SIM 3] *************** CSIM finish ***************
