INFO: [XSIM 43-3496] Using init file passed via -initfile option "/opt/Xilinx/Vivado/2018.2/data/xsim/ip/xsim_ip.ini".
Vivado Simulator 2018.2
Copyright 1986-1999, 2001-2018 Xilinx, Inc. All Rights Reserved.
Running: /opt/Xilinx/Vivado/2018.2/bin/unwrapped/lnx64.o/xelab xil_defaultlib.apatb_dft_top glbl -prj dft.prj -L smartconnect_v1_0 -L axi_protocol_checker_v1_1_12 -L axi_protocol_checker_v1_1_13 -L axis_protocol_checker_v1_1_11 -L axis_protocol_checker_v1_1_12 -L xil_defaultlib -L unisims_ver -L xpm --initfile /opt/Xilinx/Vivado/2018.2/data/xsim/ip/xsim_ip.ini --lib ieee_proposed=./ieee_proposed -s dft 
Multi-threading is on. Using 6 slave threads.
Determining compilation order of HDL files.
WARNING: [XSIM 43-3431] One or more environment variables have been detected which affect the operation of the C compiler. These are typically not set in standard installations and are not tested by Xilinx, however they may be appropriate for your system, so the flow will attempt to continue.  If errors occur, try running xelab with the "-mt off -v 1" switches to see more information from the C compiler. The following environment variables have been detected:
INFO: [VRFC 10-2263] Analyzing SystemVerilog file "/home/ramdas/Work/Learning/CPP_Learning/PP4FPGA_HLS/DFT/naiveImpl/DFT_HLS/solution2/sim/verilog/glbl.v" into library work
INFO: [VRFC 10-311] analyzing module glbl
INFO: [VRFC 10-2263] Analyzing SystemVerilog file "/home/ramdas/Work/Learning/CPP_Learning/PP4FPGA_HLS/DFT/naiveImpl/DFT_HLS/solution2/sim/verilog/sin_or_cos_doublebkb.v" into library xil_defaultlib
INFO: [VRFC 10-311] analyzing module sin_or_cos_doublebkb_rom
INFO: [VRFC 10-311] analyzing module sin_or_cos_doublebkb
INFO: [VRFC 10-2263] Analyzing SystemVerilog file "/home/ramdas/Work/Learning/CPP_Learning/PP4FPGA_HLS/DFT/naiveImpl/DFT_HLS/solution2/sim/verilog/dft_dmul_64ns_64nsc4.v" into library xil_defaultlib
INFO: [VRFC 10-311] analyzing module dft_dmul_64ns_64nsc4
INFO: [VRFC 10-2263] Analyzing SystemVerilog file "/home/ramdas/Work/Learning/CPP_Learning/PP4FPGA_HLS/DFT/naiveImpl/DFT_HLS/solution2/sim/verilog/dft_mux_42_32_1_1.v" into library xil_defaultlib
INFO: [VRFC 10-311] analyzing module dft_mux_42_32_1_1
INFO: [VRFC 10-2263] Analyzing SystemVerilog file "/home/ramdas/Work/Learning/CPP_Learning/PP4FPGA_HLS/DFT/naiveImpl/DFT_HLS/solution2/sim/verilog/AESL_automem_sample_imag.v" into library xil_defaultlib
INFO: [VRFC 10-311] analyzing module AESL_automem_sample_imag
INFO: [VRFC 10-2263] Analyzing SystemVerilog file "/home/ramdas/Work/Learning/CPP_Learning/PP4FPGA_HLS/DFT/naiveImpl/DFT_HLS/solution2/sim/verilog/dft_faddfsub_32nsncg.v" into library xil_defaultlib
INFO: [VRFC 10-311] analyzing module dft_faddfsub_32nsncg
INFO: [VRFC 10-2263] Analyzing SystemVerilog file "/home/ramdas/Work/Learning/CPP_Learning/PP4FPGA_HLS/DFT/naiveImpl/DFT_HLS/solution2/sim/verilog/sin_or_cos_doublefYi.v" into library xil_defaultlib
INFO: [VRFC 10-311] analyzing module sin_or_cos_doublefYi_rom
INFO: [VRFC 10-311] analyzing module sin_or_cos_doublefYi
INFO: [VRFC 10-2263] Analyzing SystemVerilog file "/home/ramdas/Work/Learning/CPP_Learning/PP4FPGA_HLS/DFT/naiveImpl/DFT_HLS/solution2/sim/verilog/dft_fmul_32ns_32nocq.v" into library xil_defaultlib
INFO: [VRFC 10-311] analyzing module dft_fmul_32ns_32nocq
INFO: [VRFC 10-2263] Analyzing SystemVerilog file "/home/ramdas/Work/Learning/CPP_Learning/PP4FPGA_HLS/DFT/naiveImpl/DFT_HLS/solution2/sim/verilog/dft_mul_49ns_49nsibs.v" into library xil_defaultlib
INFO: [VRFC 10-311] analyzing module dft_mul_49ns_49nsibs_MulnS_1
INFO: [VRFC 10-311] analyzing module dft_mul_49ns_49nsibs
INFO: [VRFC 10-2263] Analyzing SystemVerilog file "/home/ramdas/Work/Learning/CPP_Learning/PP4FPGA_HLS/DFT/naiveImpl/DFT_HLS/solution2/sim/verilog/sin_or_cos_doubleeOg.v" into library xil_defaultlib
INFO: [VRFC 10-311] analyzing module sin_or_cos_doubleeOg_rom
INFO: [VRFC 10-311] analyzing module sin_or_cos_doubleeOg
INFO: [VRFC 10-2263] Analyzing SystemVerilog file "/home/ramdas/Work/Learning/CPP_Learning/PP4FPGA_HLS/DFT/naiveImpl/DFT_HLS/solution2/sim/verilog/dft_uitofp_32ns_3pcA.v" into library xil_defaultlib
INFO: [VRFC 10-311] analyzing module dft_uitofp_32ns_3pcA
INFO: [VRFC 10-2263] Analyzing SystemVerilog file "/home/ramdas/Work/Learning/CPP_Learning/PP4FPGA_HLS/DFT/naiveImpl/DFT_HLS/solution2/sim/verilog/dft_mul_49ns_44s_kbM.v" into library xil_defaultlib
INFO: [VRFC 10-311] analyzing module dft_mul_49ns_44s_kbM_MulnS_3
INFO: [VRFC 10-311] analyzing module dft_mul_49ns_44s_kbM
INFO: [VRFC 10-2263] Analyzing SystemVerilog file "/home/ramdas/Work/Learning/CPP_Learning/PP4FPGA_HLS/DFT/naiveImpl/DFT_HLS/solution2/sim/verilog/dft_mul_170ns_53nhbi.v" into library xil_defaultlib
INFO: [VRFC 10-311] analyzing module dft_mul_170ns_53nhbi_MulnS_0
INFO: [VRFC 10-311] analyzing module dft_mul_170ns_53nhbi
INFO: [VRFC 10-2263] Analyzing SystemVerilog file "/home/ramdas/Work/Learning/CPP_Learning/PP4FPGA_HLS/DFT/naiveImpl/DFT_HLS/solution2/sim/verilog/sin_or_cos_doublecud.v" into library xil_defaultlib
INFO: [VRFC 10-311] analyzing module sin_or_cos_doublecud_rom
INFO: [VRFC 10-311] analyzing module sin_or_cos_doublecud
INFO: [VRFC 10-2263] Analyzing SystemVerilog file "/home/ramdas/Work/Learning/CPP_Learning/PP4FPGA_HLS/DFT/naiveImpl/DFT_HLS/solution2/sim/verilog/sin_or_cos_doubleg8j.v" into library xil_defaultlib
INFO: [VRFC 10-311] analyzing module sin_or_cos_doubleg8j_rom
INFO: [VRFC 10-311] analyzing module sin_or_cos_doubleg8j
INFO: [VRFC 10-2263] Analyzing SystemVerilog file "/home/ramdas/Work/Learning/CPP_Learning/PP4FPGA_HLS/DFT/naiveImpl/DFT_HLS/solution2/sim/verilog/scaled_fixed2ieee.v" into library xil_defaultlib
INFO: [VRFC 10-311] analyzing module scaled_fixed2ieee
INFO: [VRFC 10-2263] Analyzing SystemVerilog file "/home/ramdas/Work/Learning/CPP_Learning/PP4FPGA_HLS/DFT/naiveImpl/DFT_HLS/solution2/sim/verilog/dft.autotb.v" into library xil_defaultlib
INFO: [VRFC 10-311] analyzing module apatb_dft_top
INFO: [VRFC 10-2263] Analyzing SystemVerilog file "/home/ramdas/Work/Learning/CPP_Learning/PP4FPGA_HLS/DFT/naiveImpl/DFT_HLS/solution2/sim/verilog/dft_fptrunc_64ns_qcK.v" into library xil_defaultlib
INFO: [VRFC 10-311] analyzing module dft_fptrunc_64ns_qcK
INFO: [VRFC 10-2263] Analyzing SystemVerilog file "/home/ramdas/Work/Learning/CPP_Learning/PP4FPGA_HLS/DFT/naiveImpl/DFT_HLS/solution2/sim/verilog/dft_mul_64s_63ns_mb6.v" into library xil_defaultlib
INFO: [VRFC 10-311] analyzing module dft_mul_64s_63ns_mb6_MulnS_5
INFO: [VRFC 10-311] analyzing module dft_mul_64s_63ns_mb6
INFO: [VRFC 10-2263] Analyzing SystemVerilog file "/home/ramdas/Work/Learning/CPP_Learning/PP4FPGA_HLS/DFT/naiveImpl/DFT_HLS/solution2/sim/verilog/dft_mux_83_1_1_1.v" into library xil_defaultlib
INFO: [VRFC 10-311] analyzing module dft_mux_83_1_1_1
INFO: [VRFC 10-2263] Analyzing SystemVerilog file "/home/ramdas/Work/Learning/CPP_Learning/PP4FPGA_HLS/DFT/naiveImpl/DFT_HLS/solution2/sim/verilog/dft_mux_164_1_1_1.v" into library xil_defaultlib
INFO: [VRFC 10-311] analyzing module dft_mux_164_1_1_1
INFO: [VRFC 10-2263] Analyzing SystemVerilog file "/home/ramdas/Work/Learning/CPP_Learning/PP4FPGA_HLS/DFT/naiveImpl/DFT_HLS/solution2/sim/verilog/dft_mul_56ns_52s_jbC.v" into library xil_defaultlib
INFO: [VRFC 10-311] analyzing module dft_mul_56ns_52s_jbC_MulnS_2
INFO: [VRFC 10-311] analyzing module dft_mul_56ns_52s_jbC
INFO: [VRFC 10-2263] Analyzing SystemVerilog file "/home/ramdas/Work/Learning/CPP_Learning/PP4FPGA_HLS/DFT/naiveImpl/DFT_HLS/solution2/sim/verilog/dft.v" into library xil_defaultlib
INFO: [VRFC 10-311] analyzing module dft
INFO: [VRFC 10-2263] Analyzing SystemVerilog file "/home/ramdas/Work/Learning/CPP_Learning/PP4FPGA_HLS/DFT/naiveImpl/DFT_HLS/solution2/sim/verilog/sin_or_cos_double_s.v" into library xil_defaultlib
INFO: [VRFC 10-311] analyzing module sin_or_cos_double_s
INFO: [VRFC 10-2263] Analyzing SystemVerilog file "/home/ramdas/Work/Learning/CPP_Learning/PP4FPGA_HLS/DFT/naiveImpl/DFT_HLS/solution2/sim/verilog/dft_fpext_32ns_64rcU.v" into library xil_defaultlib
INFO: [VRFC 10-311] analyzing module dft_fpext_32ns_64rcU
INFO: [VRFC 10-2263] Analyzing SystemVerilog file "/home/ramdas/Work/Learning/CPP_Learning/PP4FPGA_HLS/DFT/naiveImpl/DFT_HLS/solution2/sim/verilog/sin_or_cos_doubledEe.v" into library xil_defaultlib
INFO: [VRFC 10-311] analyzing module sin_or_cos_doubledEe_rom
INFO: [VRFC 10-311] analyzing module sin_or_cos_doubledEe
INFO: [VRFC 10-2263] Analyzing SystemVerilog file "/home/ramdas/Work/Learning/CPP_Learning/PP4FPGA_HLS/DFT/naiveImpl/DFT_HLS/solution2/sim/verilog/AESL_automem_sample_real.v" into library xil_defaultlib
INFO: [VRFC 10-311] analyzing module AESL_automem_sample_real
INFO: [VRFC 10-2263] Analyzing SystemVerilog file "/home/ramdas/Work/Learning/CPP_Learning/PP4FPGA_HLS/DFT/naiveImpl/DFT_HLS/solution2/sim/verilog/dft_temp_real.v" into library xil_defaultlib
INFO: [VRFC 10-311] analyzing module dft_temp_real_ram
INFO: [VRFC 10-311] analyzing module dft_temp_real
INFO: [VRFC 10-2263] Analyzing SystemVerilog file "/home/ramdas/Work/Learning/CPP_Learning/PP4FPGA_HLS/DFT/naiveImpl/DFT_HLS/solution2/sim/verilog/dft_mul_42ns_33nslbW.v" into library xil_defaultlib
INFO: [VRFC 10-311] analyzing module dft_mul_42ns_33nslbW_MulnS_4
INFO: [VRFC 10-311] analyzing module dft_mul_42ns_33nslbW
INFO: [VRFC 10-163] Analyzing VHDL file "/home/ramdas/Work/Learning/CPP_Learning/PP4FPGA_HLS/DFT/naiveImpl/DFT_HLS/solution2/sim/verilog/ip/xil_defaultlib/dft_ap_fmul_2_max_dsp_32.vhd" into library xil_defaultlib
INFO: [VRFC 10-307] analyzing entity dft_ap_fmul_2_max_dsp_32
INFO: [VRFC 10-163] Analyzing VHDL file "/home/ramdas/Work/Learning/CPP_Learning/PP4FPGA_HLS/DFT/naiveImpl/DFT_HLS/solution2/sim/verilog/ip/xil_defaultlib/dft_ap_fptrunc_0_no_dsp_64.vhd" into library xil_defaultlib
INFO: [VRFC 10-307] analyzing entity dft_ap_fptrunc_0_no_dsp_64
INFO: [VRFC 10-163] Analyzing VHDL file "/home/ramdas/Work/Learning/CPP_Learning/PP4FPGA_HLS/DFT/naiveImpl/DFT_HLS/solution2/sim/verilog/ip/xil_defaultlib/dft_ap_faddfsub_3_full_dsp_32.vhd" into library xil_defaultlib
INFO: [VRFC 10-307] analyzing entity dft_ap_faddfsub_3_full_dsp_32
INFO: [VRFC 10-163] Analyzing VHDL file "/home/ramdas/Work/Learning/CPP_Learning/PP4FPGA_HLS/DFT/naiveImpl/DFT_HLS/solution2/sim/verilog/ip/xil_defaultlib/dft_ap_uitofp_3_no_dsp_32.vhd" into library xil_defaultlib
INFO: [VRFC 10-307] analyzing entity dft_ap_uitofp_3_no_dsp_32
INFO: [VRFC 10-163] Analyzing VHDL file "/home/ramdas/Work/Learning/CPP_Learning/PP4FPGA_HLS/DFT/naiveImpl/DFT_HLS/solution2/sim/verilog/ip/xil_defaultlib/dft_ap_dmul_4_max_dsp_64.vhd" into library xil_defaultlib
INFO: [VRFC 10-307] analyzing entity dft_ap_dmul_4_max_dsp_64
INFO: [VRFC 10-163] Analyzing VHDL file "/home/ramdas/Work/Learning/CPP_Learning/PP4FPGA_HLS/DFT/naiveImpl/DFT_HLS/solution2/sim/verilog/ip/xil_defaultlib/dft_ap_fpext_0_no_dsp_32.vhd" into library xil_defaultlib
INFO: [VRFC 10-307] analyzing entity dft_ap_fpext_0_no_dsp_32
Starting static elaboration
WARNING: [VRFC 10-1303] range is empty (null range) [/wrk/2018.2/continuous/2018_06_14_2258646/packages/customer/vivado/data/ip/xilinx/mult_gen_v12_0/hdl/mult_gen_v12_0_vh_rfs.vhd:2255]
WARNING: [VRFC 10-1303] range is empty (null range) [/wrk/2018.2/continuous/2018_06_14_2258646/packages/customer/vivado/data/ip/xilinx/mult_gen_v12_0/hdl/mult_gen_v12_0_vh_rfs.vhd:2240]
WARNING: [VRFC 10-1303] range is empty (null range) [/wrk/2018.2/continuous/2018_06_14_2258646/packages/customer/vivado/data/ip/xilinx/floating_point_v7_1/hdl/floating_point_v7_1_vh_rfs.vhd:90362]
WARNING: [VRFC 10-1303] range is empty (null range) [/wrk/2018.2/continuous/2018_06_14_2258646/packages/customer/vivado/data/ip/xilinx/xbip_pipe_v3_0/hdl/xbip_pipe_v3_0_vh_rfs.vhd:375]
WARNING: [VRFC 10-1303] range is empty (null range) [/wrk/2018.2/continuous/2018_06_14_2258646/packages/customer/vivado/data/ip/xilinx/floating_point_v7_1/hdl/floating_point_v7_1_vh_rfs.vhd:12604]
WARNING: [VRFC 10-1303] range is empty (null range) [/wrk/2018.2/continuous/2018_06_14_2258646/packages/customer/vivado/data/ip/xilinx/floating_point_v7_1/hdl/floating_point_v7_1_vh_rfs.vhd:12604]
WARNING: [VRFC 10-1303] range is empty (null range) [/wrk/2018.2/continuous/2018_06_14_2258646/packages/customer/vivado/data/ip/xilinx/xbip_pipe_v3_0/hdl/xbip_pipe_v3_0_vh_rfs.vhd:375]
WARNING: [VRFC 10-1303] range is empty (null range) [/wrk/2018.2/continuous/2018_06_14_2258646/packages/customer/vivado/data/ip/xilinx/xbip_pipe_v3_0/hdl/xbip_pipe_v3_0_vh_rfs.vhd:375]
WARNING: [VRFC 10-1303] range is empty (null range) [/wrk/2018.2/continuous/2018_06_14_2258646/packages/customer/vivado/data/ip/xilinx/xbip_pipe_v3_0/hdl/xbip_pipe_v3_0_vh_rfs.vhd:375]
WARNING: [VRFC 10-1303] range is empty (null range) [/wrk/2018.2/continuous/2018_06_14_2258646/packages/customer/vivado/data/ip/xilinx/xbip_pipe_v3_0/hdl/xbip_pipe_v3_0_vh_rfs.vhd:375]
WARNING: [VRFC 10-1303] range is empty (null range) [/wrk/2018.2/continuous/2018_06_14_2258646/packages/customer/vivado/data/ip/xilinx/xbip_pipe_v3_0/hdl/xbip_pipe_v3_0_vh_rfs.vhd:375]
WARNING: [VRFC 10-1303] range is empty (null range) [/wrk/2018.2/continuous/2018_06_14_2258646/packages/customer/vivado/data/ip/xilinx/xbip_pipe_v3_0/hdl/xbip_pipe_v3_0_vh_rfs.vhd:375]
WARNING: [VRFC 10-1303] range is empty (null range) [/wrk/2018.2/continuous/2018_06_14_2258646/packages/customer/vivado/data/ip/xilinx/floating_point_v7_1/hdl/floating_point_v7_1_vh_rfs.vhd:12604]
WARNING: [VRFC 10-1303] range is empty (null range) [/wrk/2018.2/continuous/2018_06_14_2258646/packages/customer/vivado/data/ip/xilinx/floating_point_v7_1/hdl/floating_point_v7_1_vh_rfs.vhd:12604]
WARNING: [VRFC 10-1303] range is empty (null range) [/wrk/2018.2/continuous/2018_06_14_2258646/packages/customer/vivado/data/ip/xilinx/floating_point_v7_1/hdl/floating_point_v7_1_vh_rfs.vhd:12604]
WARNING: [VRFC 10-1303] range is empty (null range) [/wrk/2018.2/continuous/2018_06_14_2258646/packages/customer/vivado/data/ip/xilinx/floating_point_v7_1/hdl/floating_point_v7_1_vh_rfs.vhd:12604]
WARNING: [VRFC 10-1303] range is empty (null range) [/wrk/2018.2/continuous/2018_06_14_2258646/packages/customer/vivado/data/ip/xilinx/floating_point_v7_1/hdl/floating_point_v7_1_vh_rfs.vhd:13629]
WARNING: [VRFC 10-982] library name floating_point_v7_1_6 of instantiated unit conflicts with visible identifier [ip/xil_defaultlib/dft_ap_faddfsub_3_full_dsp_32.vhd:200]
WARNING: [VRFC 10-1303] range is empty (null range) [/wrk/2018.2/continuous/2018_06_14_2258646/packages/customer/vivado/data/ip/xilinx/floating_point_v7_1/hdl/floating_point_v7_1_vh_rfs.vhd:90362]
WARNING: [VRFC 10-1303] range is empty (null range) [/wrk/2018.2/continuous/2018_06_14_2258646/packages/customer/vivado/data/ip/xilinx/floating_point_v7_1/hdl/floating_point_v7_1_vh_rfs.vhd:12604]
WARNING: [VRFC 10-1303] range is empty (null range) [/wrk/2018.2/continuous/2018_06_14_2258646/packages/customer/vivado/data/ip/xilinx/floating_point_v7_1/hdl/floating_point_v7_1_vh_rfs.vhd:12604]
WARNING: [VRFC 10-1303] range is empty (null range) [/wrk/2018.2/continuous/2018_06_14_2258646/packages/customer/vivado/data/ip/xilinx/floating_point_v7_1/hdl/floating_point_v7_1_vh_rfs.vhd:12604]
WARNING: [VRFC 10-1303] range is empty (null range) [/wrk/2018.2/continuous/2018_06_14_2258646/packages/customer/vivado/data/ip/xilinx/xbip_pipe_v3_0/hdl/xbip_pipe_v3_0_vh_rfs.vhd:375]
WARNING: [VRFC 10-1303] range is empty (null range) [/wrk/2018.2/continuous/2018_06_14_2258646/packages/customer/vivado/data/ip/xilinx/floating_point_v7_1/hdl/floating_point_v7_1_vh_rfs.vhd:12604]
WARNING: [VRFC 10-1303] range is empty (null range) [/wrk/2018.2/continuous/2018_06_14_2258646/packages/customer/vivado/data/ip/xilinx/floating_point_v7_1/hdl/floating_point_v7_1_vh_rfs.vhd:12604]
WARNING: [VRFC 10-1303] range is empty (null range) [/wrk/2018.2/continuous/2018_06_14_2258646/packages/customer/vivado/data/ip/xilinx/xbip_pipe_v3_0/hdl/xbip_pipe_v3_0_vh_rfs.vhd:375]
WARNING: [VRFC 10-1303] range is empty (null range) [/wrk/2018.2/continuous/2018_06_14_2258646/packages/customer/vivado/data/ip/xilinx/floating_point_v7_1/hdl/floating_point_v7_1_vh_rfs.vhd:12604]
WARNING: [VRFC 10-1303] range is empty (null range) [/wrk/2018.2/continuous/2018_06_14_2258646/packages/customer/vivado/data/ip/xilinx/floating_point_v7_1/hdl/floating_point_v7_1_vh_rfs.vhd:12604]
WARNING: [VRFC 10-1303] range is empty (null range) [/wrk/2018.2/continuous/2018_06_14_2258646/packages/customer/vivado/data/ip/xilinx/floating_point_v7_1/hdl/floating_point_v7_1_vh_rfs.vhd:12604]
WARNING: [VRFC 10-1303] range is empty (null range) [/wrk/2018.2/continuous/2018_06_14_2258646/packages/customer/vivado/data/ip/xilinx/floating_point_v7_1/hdl/floating_point_v7_1_vh_rfs.vhd:12604]
WARNING: [VRFC 10-1303] range is empty (null range) [/wrk/2018.2/continuous/2018_06_14_2258646/packages/customer/vivado/data/ip/xilinx/floating_point_v7_1/hdl/floating_point_v7_1_vh_rfs.vhd:13629]
WARNING: [VRFC 10-982] library name floating_point_v7_1_6 of instantiated unit conflicts with visible identifier [ip/xil_defaultlib/dft_ap_fmul_2_max_dsp_32.vhd:195]
WARNING: [VRFC 10-1303] range is empty (null range) [/wrk/2018.2/continuous/2018_06_14_2258646/packages/customer/vivado/data/ip/xilinx/floating_point_v7_1/hdl/floating_point_v7_1_vh_rfs.vhd:90362]
WARNING: [VRFC 10-1303] range is empty (null range) [/wrk/2018.2/continuous/2018_06_14_2258646/packages/customer/vivado/data/ip/xilinx/xbip_pipe_v3_0/hdl/xbip_pipe_v3_0_vh_rfs.vhd:375]
WARNING: [VRFC 10-1303] range is empty (null range) [/wrk/2018.2/continuous/2018_06_14_2258646/packages/customer/vivado/data/ip/xilinx/xbip_pipe_v3_0/hdl/xbip_pipe_v3_0_vh_rfs.vhd:375]
WARNING: [VRFC 10-1303] range is empty (null range) [/wrk/2018.2/continuous/2018_06_14_2258646/packages/customer/vivado/data/ip/xilinx/floating_point_v7_1/hdl/floating_point_v7_1_vh_rfs.vhd:30530]
WARNING: [VRFC 10-1303] range is empty (null range) [/wrk/2018.2/continuous/2018_06_14_2258646/packages/customer/vivado/data/ip/xilinx/xbip_pipe_v3_0/hdl/xbip_pipe_v3_0_vh_rfs.vhd:375]
WARNING: [VRFC 10-1303] range is empty (null range) [/wrk/2018.2/continuous/2018_06_14_2258646/packages/customer/vivado/data/ip/xilinx/floating_point_v7_1/hdl/floating_point_v7_1_vh_rfs.vhd:13629]
WARNING: [VRFC 10-982] library name floating_point_v7_1_6 of instantiated unit conflicts with visible identifier [ip/xil_defaultlib/dft_ap_uitofp_3_no_dsp_32.vhd:190]
WARNING: [VRFC 10-1303] range is empty (null range) [/wrk/2018.2/continuous/2018_06_14_2258646/packages/customer/vivado/data/ip/xilinx/floating_point_v7_1/hdl/floating_point_v7_1_vh_rfs.vhd:90362]
WARNING: [VRFC 10-1303] range is empty (null range) [/wrk/2018.2/continuous/2018_06_14_2258646/packages/customer/vivado/data/ip/xilinx/floating_point_v7_1/hdl/floating_point_v7_1_vh_rfs.vhd:12604]
WARNING: [VRFC 10-1303] range is empty (null range) [/wrk/2018.2/continuous/2018_06_14_2258646/packages/customer/vivado/data/ip/xilinx/floating_point_v7_1/hdl/floating_point_v7_1_vh_rfs.vhd:12604]
WARNING: [VRFC 10-1303] range is empty (null range) [/wrk/2018.2/continuous/2018_06_14_2258646/packages/customer/vivado/data/ip/xilinx/floating_point_v7_1/hdl/floating_point_v7_1_vh_rfs.vhd:13629]
WARNING: [VRFC 10-982] library name floating_point_v7_1_6 of instantiated unit conflicts with visible identifier [ip/xil_defaultlib/dft_ap_fptrunc_0_no_dsp_64.vhd:184]
WARNING: [VRFC 10-1303] range is empty (null range) [/wrk/2018.2/continuous/2018_06_14_2258646/packages/customer/vivado/data/ip/xilinx/floating_point_v7_1/hdl/floating_point_v7_1_vh_rfs.vhd:90362]
WARNING: [VRFC 10-1303] range is empty (null range) [/wrk/2018.2/continuous/2018_06_14_2258646/packages/customer/vivado/data/ip/xilinx/floating_point_v7_1/hdl/floating_point_v7_1_vh_rfs.vhd:12604]
WARNING: [VRFC 10-1303] range is empty (null range) [/wrk/2018.2/continuous/2018_06_14_2258646/packages/customer/vivado/data/ip/xilinx/floating_point_v7_1/hdl/floating_point_v7_1_vh_rfs.vhd:12604]
WARNING: [VRFC 10-1303] range is empty (null range) [/wrk/2018.2/continuous/2018_06_14_2258646/packages/customer/vivado/data/ip/xilinx/floating_point_v7_1/hdl/floating_point_v7_1_vh_rfs.vhd:12604]
WARNING: [VRFC 10-1303] range is empty (null range) [/wrk/2018.2/continuous/2018_06_14_2258646/packages/customer/vivado/data/ip/xilinx/floating_point_v7_1/hdl/floating_point_v7_1_vh_rfs.vhd:12604]
WARNING: [VRFC 10-1303] range is empty (null range) [/wrk/2018.2/continuous/2018_06_14_2258646/packages/customer/vivado/data/ip/xilinx/floating_point_v7_1/hdl/floating_point_v7_1_vh_rfs.vhd:12604]
WARNING: [VRFC 10-1303] range is empty (null range) [/wrk/2018.2/continuous/2018_06_14_2258646/packages/customer/vivado/data/ip/xilinx/floating_point_v7_1/hdl/floating_point_v7_1_vh_rfs.vhd:13629]
WARNING: [VRFC 10-982] library name floating_point_v7_1_6 of instantiated unit conflicts with visible identifier [ip/xil_defaultlib/dft_ap_fpext_0_no_dsp_32.vhd:184]
WARNING: [VRFC 10-1303] range is empty (null range) [/wrk/2018.2/continuous/2018_06_14_2258646/packages/customer/vivado/data/ip/xilinx/floating_point_v7_1/hdl/floating_point_v7_1_vh_rfs.vhd:90362]
WARNING: [VRFC 10-1303] range is empty (null range) [/wrk/2018.2/continuous/2018_06_14_2258646/packages/customer/vivado/data/ip/xilinx/xbip_pipe_v3_0/hdl/xbip_pipe_v3_0_vh_rfs.vhd:375]
WARNING: [VRFC 10-1303] range is empty (null range) [/wrk/2018.2/continuous/2018_06_14_2258646/packages/customer/vivado/data/ip/xilinx/floating_point_v7_1/hdl/floating_point_v7_1_vh_rfs.vhd:12604]
WARNING: [VRFC 10-1303] range is empty (null range) [/wrk/2018.2/continuous/2018_06_14_2258646/packages/customer/vivado/data/ip/xilinx/floating_point_v7_1/hdl/floating_point_v7_1_vh_rfs.vhd:12604]
WARNING: [VRFC 10-1303] range is empty (null range) [/wrk/2018.2/continuous/2018_06_14_2258646/packages/customer/vivado/data/ip/xilinx/floating_point_v7_1/hdl/floating_point_v7_1_vh_rfs.vhd:12604]
WARNING: [VRFC 10-1303] range is empty (null range) [/wrk/2018.2/continuous/2018_06_14_2258646/packages/customer/vivado/data/ip/xilinx/floating_point_v7_1/hdl/floating_point_v7_1_vh_rfs.vhd:13629]
WARNING: [VRFC 10-982] library name floating_point_v7_1_6 of instantiated unit conflicts with visible identifier [ip/xil_defaultlib/dft_ap_dmul_4_max_dsp_64.vhd:195]
Completed static elaboration
Starting simulation data flow analysis
Completed simulation data flow analysis
Time Resolution for simulation is 1ps
Compiling package std.standard
Compiling package std.textio
Compiling package ieee.std_logic_1164
Compiling package ieee.numeric_std
Compiling package floating_point_v7_1_6.floating_point_v7_1_6_viv_comp
Compiling package xbip_utils_v3_0_9.xbip_utils_v3_0_9_pkg
Compiling package axi_utils_v2_0_5.axi_utils_v2_0_5_pkg
Compiling package floating_point_v7_1_6.floating_point_v7_1_6_consts
Compiling package ieee.math_real
Compiling package floating_point_v7_1_6.floating_point_v7_1_6_exp_table_...
Compiling package mult_gen_v12_0_14.mult_gen_v12_0_14_pkg
Compiling package ieee.std_logic_arith
Compiling package ieee.std_logic_signed
Compiling package floating_point_v7_1_6.floating_point_v7_1_6_pkg
Compiling package floating_point_v7_1_6.flt_utils
Compiling package xbip_pipe_v3_0_5.xbip_pipe_v3_0_5_viv_comp
Compiling package unisim.vcomponents
Compiling package ieee.vital_timing
Compiling package ieee.vital_primitives
Compiling package unisim.vpkg
Compiling package floating_point_v7_1_6.vt2mutils
Compiling package floating_point_v7_1_6.vt2mcomps
Compiling module xil_defaultlib.dft_temp_real_ram
Compiling module xil_defaultlib.dft_temp_real(DataWidth=32,Addre...
Compiling module xil_defaultlib.sin_or_cos_doublebkb_rom
Compiling module xil_defaultlib.sin_or_cos_doublebkb(DataWidth=2...
Compiling module xil_defaultlib.sin_or_cos_doublecud_rom
Compiling module xil_defaultlib.sin_or_cos_doublecud(DataWidth=5...
Compiling module xil_defaultlib.sin_or_cos_doubledEe_rom
Compiling module xil_defaultlib.sin_or_cos_doubledEe(DataWidth=5...
Compiling module xil_defaultlib.sin_or_cos_doubleeOg_rom
Compiling module xil_defaultlib.sin_or_cos_doubleeOg(DataWidth=4...
Compiling module xil_defaultlib.sin_or_cos_doublefYi_rom
Compiling module xil_defaultlib.sin_or_cos_doublefYi(DataWidth=3...
Compiling module xil_defaultlib.sin_or_cos_doubleg8j_rom
Compiling module xil_defaultlib.sin_or_cos_doubleg8j(DataWidth=2...
Compiling module xil_defaultlib.dft_mux_42_32_1_1(ID=1,din4_WIDT...
Compiling module xil_defaultlib.scaled_fixed2ieee
Compiling module xil_defaultlib.dft_mul_170ns_53nhbi_MulnS_0
Compiling module xil_defaultlib.dft_mul_170ns_53nhbi(ID=1,NUM_ST...
Compiling module xil_defaultlib.dft_mux_83_1_1_1(ID=1,din0_WIDTH...
Compiling module xil_defaultlib.dft_mul_49ns_49nsibs_MulnS_1
Compiling module xil_defaultlib.dft_mul_49ns_49nsibs(ID=1,NUM_ST...
Compiling module xil_defaultlib.dft_mul_56ns_52s_jbC_MulnS_2
Compiling module xil_defaultlib.dft_mul_56ns_52s_jbC(ID=1,NUM_ST...
Compiling module xil_defaultlib.dft_mul_49ns_44s_kbM_MulnS_3
Compiling module xil_defaultlib.dft_mul_49ns_44s_kbM(ID=1,NUM_ST...
Compiling module xil_defaultlib.dft_mul_42ns_33nslbW_MulnS_4
Compiling module xil_defaultlib.dft_mul_42ns_33nslbW(ID=1,NUM_ST...
Compiling module xil_defaultlib.dft_mul_64s_63ns_mb6_MulnS_5
Compiling module xil_defaultlib.dft_mul_64s_63ns_mb6(ID=1,NUM_ST...
Compiling module xil_defaultlib.dft_mux_164_1_1_1(ID=1,din0_WIDT...
Compiling module xil_defaultlib.sin_or_cos_double_s
Compiling architecture muxcy_v of entity unisim.MUXCY [muxcy_default]
Compiling architecture synth of entity xbip_pipe_v3_0_5.xbip_pipe_v3_0_5_viv [\xbip_pipe_v3_0_5_viv(c_has_ce=1...]
Compiling architecture rtl of entity floating_point_v7_1_6.delay [\delay(width=7,length=0)\]
Compiling architecture struct of entity floating_point_v7_1_6.carry_chain [\carry_chain(c_xdevicefamily="aa...]
Compiling architecture synth of entity floating_point_v7_1_6.compare_eq_im [\compare_eq_im(c_xdevicefamily="...]
Compiling architecture xorcy_v of entity unisim.XORCY [xorcy_default]
Compiling architecture struct of entity floating_point_v7_1_6.carry_chain [\carry_chain(c_xdevicefamily="aa...]
Compiling architecture synth of entity xbip_pipe_v3_0_5.xbip_pipe_v3_0_5_viv [\xbip_pipe_v3_0_5_viv(c_has_ce=1...]
Compiling architecture rtl of entity floating_point_v7_1_6.delay [\delay(length=0)\]
Compiling architecture synth of entity xbip_pipe_v3_0_5.xbip_pipe_v3_0_5_viv [\xbip_pipe_v3_0_5_viv(c_has_ce=1...]
Compiling architecture rtl of entity floating_point_v7_1_6.delay [\delay(width=24,length=0,fast_in...]
Compiling architecture synth of entity xbip_pipe_v3_0_5.xbip_pipe_v3_0_5_viv [\xbip_pipe_v3_0_5_viv(c_has_ce=1...]
Compiling architecture rtl of entity floating_point_v7_1_6.delay [\delay(width=16,length=0)\]
Compiling architecture synth of entity xbip_pipe_v3_0_5.xbip_pipe_v3_0_5_viv [\xbip_pipe_v3_0_5_viv(c_has_ce=1...]
Compiling architecture rtl of entity floating_point_v7_1_6.delay [\delay(width=4,length=0)\]
Compiling architecture synth of entity xbip_pipe_v3_0_5.xbip_pipe_v3_0_5_viv [\xbip_pipe_v3_0_5_viv(c_has_ce=1...]
Compiling architecture rtl of entity floating_point_v7_1_6.delay [\delay(width=48,length=0)\]
Compiling architecture synth of entity xbip_pipe_v3_0_5.xbip_pipe_v3_0_5_viv [\xbip_pipe_v3_0_5_viv(c_has_ce=1...]
Compiling architecture rtl of entity floating_point_v7_1_6.delay [\delay(width=24,length=0)\]
Compiling architecture dsp48e1_v of entity unisim.DSP48E1 [\DSP48E1(acascreg=0,adreg=0,alum...]
Compiling architecture rtl of entity floating_point_v7_1_6.dsp48e1_wrapper [\dsp48e1_wrapper(a_width=24,c_wi...]
Compiling architecture synth of entity xbip_pipe_v3_0_5.xbip_pipe_v3_0_5_viv [\xbip_pipe_v3_0_5_viv(c_latency=...]
Compiling architecture rtl of entity floating_point_v7_1_6.delay [delay_default]
Compiling architecture synth of entity xbip_pipe_v3_0_5.xbip_pipe_v3_0_5_viv [\xbip_pipe_v3_0_5_viv(c_has_ce=1...]
Compiling architecture rtl of entity floating_point_v7_1_6.delay [\delay(width=13,length=0)\]
Compiling architecture synth of entity xbip_pipe_v3_0_5.xbip_pipe_v3_0_5_viv [\xbip_pipe_v3_0_5_viv(c_has_ce=1...]
Compiling architecture rtl of entity floating_point_v7_1_6.delay [\delay(width=27,length=0)\]
Compiling architecture synth of entity floating_point_v7_1_6.align_add_dsp48e1_sgl [\align_add_dsp48e1_sgl(c_xdevice...]
Compiling architecture lut5_v of entity unisim.LUT5 [\LUT5(init="00000000000000001111...]
Compiling architecture lut5_v of entity unisim.LUT5 [\LUT5(init="00000000000000000000...]
Compiling architecture synth of entity xbip_pipe_v3_0_5.xbip_pipe_v3_0_5_viv [\xbip_pipe_v3_0_5_viv(c_has_ce=1...]
Compiling architecture rtl of entity floating_point_v7_1_6.delay [\delay(width=5,length=0)\]
Compiling architecture rtl of entity floating_point_v7_1_6.lead_zero_encode_shift [\lead_zero_encode_shift(ab_fw=24...]
Compiling architecture synth of entity xbip_pipe_v3_0_5.xbip_pipe_v3_0_5_viv [\xbip_pipe_v3_0_5_viv(c_has_ce=1...]
Compiling architecture rtl of entity floating_point_v7_1_6.delay [\delay(width=3,length=0)\]
Compiling architecture lut6_v of entity unisim.LUT6 [\LUT6(init="11111110010101001011...]
Compiling architecture lut5_v of entity unisim.LUT5 [\LUT5(init="00010001010111110000...]
Compiling architecture lut5_v of entity unisim.LUT5 [\LUT5(init="11101110101000001111...]
Compiling architecture synth of entity xbip_pipe_v3_0_5.xbip_pipe_v3_0_5_viv [\xbip_pipe_v3_0_5_viv(c_latency=...]
Compiling architecture rtl of entity floating_point_v7_1_6.delay [\delay(width=2)\]
Compiling architecture synth of entity xbip_pipe_v3_0_5.xbip_pipe_v3_0_5_viv [\xbip_pipe_v3_0_5_viv(c_has_ce=1...]
Compiling architecture rtl of entity floating_point_v7_1_6.delay [\delay(width=25,length=0)\]
Compiling architecture dsp48e1_v of entity unisim.DSP48E1 [\DSP48E1(adreg=0,alumodereg=0,ca...]
Compiling architecture rtl of entity floating_point_v7_1_6.dsp48e1_wrapper [\dsp48e1_wrapper(a_width=24,c_wi...]
Compiling architecture rtl of entity floating_point_v7_1_6.norm_and_round_dsp48e1_sgl [\norm_and_round_dsp48e1_sgl(c_mu...]
Compiling architecture lut5_v of entity unisim.LUT5 [\LUT5(init="10011001100110011001...]
Compiling architecture lut5_v of entity unisim.LUT5 [\LUT5(init="11111111000000001111...]
Compiling architecture synth of entity xbip_pipe_v3_0_5.xbip_pipe_v3_0_5_viv [\xbip_pipe_v3_0_5_viv(c_has_ce=1...]
Compiling architecture rtl of entity floating_point_v7_1_6.delay [\delay(width=9,length=0)\]
Compiling architecture struct of entity floating_point_v7_1_6.carry_chain [\carry_chain(c_xdevicefamily="aa...]
Compiling architecture synth of entity xbip_pipe_v3_0_5.xbip_pipe_v3_0_5_viv [\xbip_pipe_v3_0_5_viv(c_has_ce=1...]
Compiling architecture rtl of entity floating_point_v7_1_6.delay [\delay(width=8,length=0)\]
Compiling architecture synth of entity xbip_pipe_v3_0_5.xbip_pipe_v3_0_5_viv [\xbip_pipe_v3_0_5_viv(c_latency=...]
Compiling architecture rtl of entity floating_point_v7_1_6.delay [\delay(width=10)\]
Compiling architecture synth of entity xbip_pipe_v3_0_5.xbip_pipe_v3_0_5_viv [\xbip_pipe_v3_0_5_viv(c_has_ce=1...]
Compiling architecture rtl of entity floating_point_v7_1_6.delay [\delay(width=4,length=0,fast_inp...]
Compiling architecture fdre_v of entity unisim.FDRE [fdre_default]
Compiling architecture fde_v of entity unisim.FDE [fde_default]
Compiling architecture struct of entity floating_point_v7_1_6.carry_chain [\carry_chain(c_xdevicefamily="aa...]
Compiling architecture synth of entity floating_point_v7_1_6.compare_eq_im [\compare_eq_im(c_xdevicefamily="...]
Compiling architecture synth of entity xbip_pipe_v3_0_5.xbip_pipe_v3_0_5_viv [\xbip_pipe_v3_0_5_viv(c_latency=...]
Compiling architecture rtl of entity floating_point_v7_1_6.delay [\delay(fast_input=true)\]
Compiling architecture rtl of entity floating_point_v7_1_6.special_detect [\special_detect(c_xdevicefamily=...]
Compiling architecture struct of entity floating_point_v7_1_6.carry_chain [\carry_chain(c_xdevicefamily="aa...]
Compiling architecture synth of entity floating_point_v7_1_6.compare_gt [\compare_gt(c_xdevicefamily="aar...]
Compiling architecture synth of entity floating_point_v7_1_6.compare [\compare(c_xdevicefamily="aartix...]
Compiling architecture synth of entity xbip_pipe_v3_0_5.xbip_pipe_v3_0_5_viv [\xbip_pipe_v3_0_5_viv(c_latency=...]
Compiling architecture rtl of entity floating_point_v7_1_6.delay [\delay(width=8)\]
Compiling architecture synth of entity xbip_pipe_v3_0_5.xbip_pipe_v3_0_5_viv [\xbip_pipe_v3_0_5_viv(c_latency=...]
Compiling architecture rtl of entity floating_point_v7_1_6.delay [\delay(width=9)\]
Compiling architecture synth of entity xbip_pipe_v3_0_5.xbip_pipe_v3_0_5_viv [\xbip_pipe_v3_0_5_viv(c_latency=...]
Compiling architecture rtl of entity floating_point_v7_1_6.delay [\delay(width=2,length=2,fast_inp...]
Compiling architecture synth of entity xbip_pipe_v3_0_5.xbip_pipe_v3_0_5_viv [\xbip_pipe_v3_0_5_viv(c_latency=...]
Compiling architecture rtl of entity floating_point_v7_1_6.delay [\delay(length=2,fast_input=true)...]
Compiling architecture synth of entity xbip_pipe_v3_0_5.xbip_pipe_v3_0_5_viv [\xbip_pipe_v3_0_5_viv(c_has_ce=1...]
Compiling architecture rtl of entity floating_point_v7_1_6.delay [\delay(length=0,fast_input=true)...]
Compiling architecture synth of entity xbip_pipe_v3_0_5.xbip_pipe_v3_0_5_viv [\xbip_pipe_v3_0_5_viv(c_has_ce=1...]
Compiling architecture rtl of entity floating_point_v7_1_6.delay [\delay(width=2,length=0,fast_inp...]
Compiling architecture synth of entity xbip_pipe_v3_0_5.xbip_pipe_v3_0_5_viv [\xbip_pipe_v3_0_5_viv(c_has_ce=1...]
Compiling architecture rtl of entity floating_point_v7_1_6.delay [\delay(width=12,length=0)\]
Compiling architecture rtl of entity floating_point_v7_1_6.flt_add_exp_sp [\flt_add_exp_sp(c_xdevicefamily=...]
Compiling architecture synth of entity xbip_pipe_v3_0_5.xbip_pipe_v3_0_5_viv [\xbip_pipe_v3_0_5_viv(c_latency=...]
Compiling architecture rtl of entity floating_point_v7_1_6.delay [\delay(width=23)\]
Compiling architecture synth of entity floating_point_v7_1_6.flt_dec_op [\flt_dec_op(c_xdevicefamily="aar...]
Compiling architecture rtl of entity floating_point_v7_1_6.flt_add_dsp [\flt_add_dsp(c_xdevicefamily="aa...]
Compiling architecture rtl of entity floating_point_v7_1_6.flt_add [\flt_add(c_xdevicefamily="aartix...]
Compiling architecture synth of entity xbip_pipe_v3_0_5.xbip_pipe_v3_0_5_viv [\xbip_pipe_v3_0_5_viv(c_latency=...]
Compiling architecture synth of entity xbip_pipe_v3_0_5.xbip_pipe_v3_0_5_viv [\xbip_pipe_v3_0_5_viv(c_has_ce=1...]
Compiling architecture rtl of entity floating_point_v7_1_6.delay [\delay(width=32,length=0)\]
Compiling architecture xilinx of entity floating_point_v7_1_6.floating_point_v7_1_6_viv [\floating_point_v7_1_6_viv(c_xde...]
Compiling architecture xilinx of entity floating_point_v7_1_6.floating_point_v7_1_6 [\floating_point_v7_1_6(c_xdevice...]
Compiling architecture dft_ap_faddfsub_3_full_dsp_32_arch of entity xil_defaultlib.dft_ap_faddfsub_3_full_dsp_32 [dft_ap_faddfsub_3_full_dsp_32_de...]
Compiling module xil_defaultlib.dft_faddfsub_32nsncg(ID=1)
Compiling architecture synth of entity xbip_pipe_v3_0_5.xbip_pipe_v3_0_5_viv [\xbip_pipe_v3_0_5_viv(c_has_ce=1...]
Compiling architecture rtl of entity floating_point_v7_1_6.delay [\delay(width=17,length=0)\]
Compiling architecture dsp48e1_v of entity unisim.DSP48E1 [\DSP48E1(acascreg=0,adreg=0,alum...]
Compiling architecture rtl of entity floating_point_v7_1_6.dsp48e1_wrapper [\dsp48e1_wrapper(a_width=24,b_wi...]
Compiling architecture dsp48e1_v of entity unisim.DSP48E1 [\DSP48E1(acascreg=0,adreg=0,alum...]
Compiling architecture rtl of entity floating_point_v7_1_6.dsp48e1_wrapper [\dsp48e1_wrapper(a_width=24,b_wi...]
Compiling architecture struct of entity floating_point_v7_1_6.fix_mult_dsp48e1_sgl [\fix_mult_dsp48e1_sgl(registers=...]
Compiling architecture rtl of entity floating_point_v7_1_6.fix_mult [\fix_mult(c_xdevicefamily="aarti...]
Compiling architecture synth of entity xbip_pipe_v3_0_5.xbip_pipe_v3_0_5_viv [\xbip_pipe_v3_0_5_viv(c_has_ce=1...]
Compiling architecture rtl of entity floating_point_v7_1_6.delay [\delay(width=8,length=0,fast_inp...]
Compiling architecture struct of entity floating_point_v7_1_6.carry_chain [\carry_chain(c_xdevicefamily="aa...]
Compiling architecture struct of entity floating_point_v7_1_6.carry_chain [\carry_chain(c_xdevicefamily="aa...]
Compiling architecture synth of entity floating_point_v7_1_6.compare_eq_im [\compare_eq_im(c_xdevicefamily="...]
Compiling architecture rtl of entity floating_point_v7_1_6.special_detect [\special_detect(c_xdevicefamily=...]
Compiling architecture synth of entity xbip_pipe_v3_0_5.xbip_pipe_v3_0_5_viv [\xbip_pipe_v3_0_5_viv(c_latency=...]
Compiling architecture rtl of entity floating_point_v7_1_6.delay [\delay(width=2,fast_input=true)\]
Compiling architecture synth of entity xbip_pipe_v3_0_5.xbip_pipe_v3_0_5_viv [\xbip_pipe_v3_0_5_viv(c_latency=...]
Compiling architecture rtl of entity floating_point_v7_1_6.delay [\delay(width=4,fast_input=true)\]
Compiling architecture synth of entity xbip_pipe_v3_0_5.xbip_pipe_v3_0_5_viv [\xbip_pipe_v3_0_5_viv(c_has_ce=1...]
Compiling architecture rtl of entity floating_point_v7_1_6.delay [\delay(width=3,length=0,fast_inp...]
Compiling architecture synth of entity xbip_pipe_v3_0_5.xbip_pipe_v3_0_5_viv [\xbip_pipe_v3_0_5_viv(c_has_ce=1...]
Compiling architecture rtl of entity floating_point_v7_1_6.delay [\delay(width=14,length=0)\]
Compiling architecture rtl of entity floating_point_v7_1_6.flt_mult_exp [\flt_mult_exp(c_xdevicefamily="a...]
Compiling architecture synth of entity xbip_pipe_v3_0_5.xbip_pipe_v3_0_5_viv [\xbip_pipe_v3_0_5_viv(c_has_ce=1...]
Compiling architecture rtl of entity floating_point_v7_1_6.delay [\delay(width=30,length=0)\]
Compiling architecture synth of entity xbip_pipe_v3_0_5.xbip_pipe_v3_0_5_viv [\xbip_pipe_v3_0_5_viv(c_has_ce=1...]
Compiling architecture rtl of entity floating_point_v7_1_6.delay [\delay(width=18,length=0)\]
Compiling architecture dsp48e1_v of entity unisim.DSP48E1 [\DSP48E1(acascreg=0,adreg=0,alum...]
Compiling architecture rtl of entity floating_point_v7_1_6.dsp48e1_wrapper [\dsp48e1_wrapper(a_width=30,b_wi...]
Compiling architecture struct of entity floating_point_v7_1_6.flt_round_dsp_opt_full [\flt_round_dsp_opt_full(c_xdevic...]
Compiling architecture rtl of entity floating_point_v7_1_6.flt_mult_round [\flt_mult_round(c_xdevicefamily=...]
Compiling architecture synth of entity floating_point_v7_1_6.flt_dec_op_lat [\flt_dec_op_lat(c_xdevicefamily=...]
Compiling architecture rtl of entity floating_point_v7_1_6.flt_mult [\flt_mult(c_xdevicefamily="aarti...]
Compiling architecture xilinx of entity floating_point_v7_1_6.floating_point_v7_1_6_viv [\floating_point_v7_1_6_viv(c_xde...]
Compiling architecture xilinx of entity floating_point_v7_1_6.floating_point_v7_1_6 [\floating_point_v7_1_6(c_xdevice...]
Compiling architecture dft_ap_fmul_2_max_dsp_32_arch of entity xil_defaultlib.dft_ap_fmul_2_max_dsp_32 [dft_ap_fmul_2_max_dsp_32_default]
Compiling module xil_defaultlib.dft_fmul_32ns_32nocq(ID=1)
Compiling architecture synth of entity xbip_pipe_v3_0_5.xbip_pipe_v3_0_5_viv [\xbip_pipe_v3_0_5_viv(c_has_ce=1...]
Compiling architecture rtl of entity floating_point_v7_1_6.delay [\delay(width=64,length=0)\]
Compiling architecture struct of entity floating_point_v7_1_6.carry_chain [\carry_chain(c_xdevicefamily="aa...]
Compiling architecture synth of entity xbip_pipe_v3_0_5.xbip_pipe_v3_0_5_viv [\xbip_pipe_v3_0_5_viv(c_latency=...]
Compiling architecture rtl of entity floating_point_v7_1_6.delay [\delay(width=16,fast_input=true)...]
Compiling architecture rtl of entity floating_point_v7_1_6.norm_zero_det [\norm_zero_det(data_width=39,nor...]
Compiling architecture synth of entity xbip_pipe_v3_0_5.xbip_pipe_v3_0_5_viv [\xbip_pipe_v3_0_5_viv(c_latency=...]
Compiling architecture rtl of entity floating_point_v7_1_6.delay [\delay(width=8,fast_input=true)\]
Compiling architecture rtl of entity floating_point_v7_1_6.mux4 [\mux4(c_xdevicefamily="aartix7",...]
Compiling architecture rtl of entity floating_point_v7_1_6.mux4 [\mux4(c_xdevicefamily="aartix7",...]
Compiling architecture synth of entity xbip_pipe_v3_0_5.xbip_pipe_v3_0_5_viv [\xbip_pipe_v3_0_5_viv(c_latency=...]
Compiling architecture rtl of entity floating_point_v7_1_6.delay [\delay(width=2,length=2)\]
Compiling architecture rtl of entity floating_point_v7_1_6.mux4 [\mux4(c_xdevicefamily="aartix7",...]
Compiling architecture rtl of entity floating_point_v7_1_6.mux4 [\mux4(c_xdevicefamily="aartix7",...]
Compiling architecture struct of entity floating_point_v7_1_6.carry_chain [\carry_chain(c_xdevicefamily="aa...]
Compiling architecture rtl of entity floating_point_v7_1_6.lead_zero_encode [\lead_zero_encode(c_xdevicefamil...]
Compiling architecture synth of entity xbip_pipe_v3_0_5.xbip_pipe_v3_0_5_viv [\xbip_pipe_v3_0_5_viv(c_latency=...]
Compiling architecture rtl of entity floating_point_v7_1_6.delay [\delay(width=64)\]
Compiling architecture rtl of entity floating_point_v7_1_6.shift_msb_first [\shift_msb_first(a_width=64,resu...]
Compiling architecture struct of entity floating_point_v7_1_6.carry_chain [\carry_chain(c_xdevicefamily="aa...]
Compiling architecture struct of entity floating_point_v7_1_6.carry_chain [\carry_chain(c_xdevicefamily="aa...]
Compiling architecture synth of entity xbip_pipe_v3_0_5.xbip_pipe_v3_0_5_viv [\xbip_pipe_v3_0_5_viv(c_has_ce=1...]
Compiling architecture rtl of entity floating_point_v7_1_6.delay [\delay(width=2,length=0)\]
Compiling architecture struct of entity floating_point_v7_1_6.carry_chain [\carry_chain(c_xdevicefamily="aa...]
Compiling architecture rtl of entity floating_point_v7_1_6.flt_round_bit [\flt_round_bit(c_xdevicefamily="...]
Compiling architecture rtl of entity floating_point_v7_1_6.renorm_and_round_logic [\renorm_and_round_logic(c_xdevic...]
Compiling architecture synth of entity xbip_pipe_v3_0_5.xbip_pipe_v3_0_5_viv [\xbip_pipe_v3_0_5_viv(c_latency=...]
Compiling architecture rtl of entity floating_point_v7_1_6.delay [\delay(length=2)\]
Compiling architecture synth of entity floating_point_v7_1_6.fix_to_flt_conv_exp [\fix_to_flt_conv_exp(c_xdevicefa...]
Compiling architecture synth of entity floating_point_v7_1_6.flt_dec_op [\flt_dec_op(c_xdevicefamily="aar...]
Compiling architecture struct of entity floating_point_v7_1_6.fix_to_flt_conv [\fix_to_flt_conv(c_xdevicefamily...]
Compiling architecture xilinx of entity floating_point_v7_1_6.floating_point_v7_1_6_viv [\floating_point_v7_1_6_viv(c_xde...]
Compiling architecture xilinx of entity floating_point_v7_1_6.floating_point_v7_1_6 [\floating_point_v7_1_6(c_xdevice...]
Compiling architecture dft_ap_uitofp_3_no_dsp_32_arch of entity xil_defaultlib.dft_ap_uitofp_3_no_dsp_32 [dft_ap_uitofp_3_no_dsp_32_defaul...]
Compiling module xil_defaultlib.dft_uitofp_32ns_3pcA(ID=1)
Compiling architecture struct of entity floating_point_v7_1_6.carry_chain [\carry_chain(c_xdevicefamily="aa...]
Compiling architecture synth of entity floating_point_v7_1_6.compare_ne_im [\compare_ne_im(c_xdevicefamily="...]
Compiling architecture synth of entity xbip_pipe_v3_0_5.xbip_pipe_v3_0_5_viv [\xbip_pipe_v3_0_5_viv(c_has_ce=1...]
Compiling architecture rtl of entity floating_point_v7_1_6.delay [\delay(width=12,length=0,fast_in...]
Compiling architecture struct of entity floating_point_v7_1_6.carry_chain [\carry_chain(c_xdevicefamily="aa...]
Compiling architecture struct of entity floating_point_v7_1_6.carry_chain [\carry_chain(c_xdevicefamily="aa...]
Compiling architecture synth of entity xbip_pipe_v3_0_5.xbip_pipe_v3_0_5_viv [\xbip_pipe_v3_0_5_viv(c_has_ce=1...]
Compiling architecture rtl of entity floating_point_v7_1_6.delay [\delay(width=25,length=0,fast_in...]
Compiling architecture struct of entity floating_point_v7_1_6.carry_chain [\carry_chain(c_xdevicefamily="aa...]
Compiling architecture rtl of entity floating_point_v7_1_6.flt_round_bit [\flt_round_bit(c_xdevicefamily="...]
Compiling architecture rtl of entity floating_point_v7_1_6.renorm_and_round_logic [\renorm_and_round_logic(c_xdevic...]
Compiling architecture struct of entity floating_point_v7_1_6.carry_chain [\carry_chain(c_xdevicefamily="ki...]
Compiling architecture synth of entity floating_point_v7_1_6.compare_eq_im [\compare_eq_im(c_xdevicefamily="...]
Compiling architecture rtl of entity floating_point_v7_1_6.special_detect [\special_detect(a_w=64,a_fw=53,o...]
Compiling architecture rtl of entity floating_point_v7_1_6.flt_to_flt_conv_exp [\flt_to_flt_conv_exp(a_w=64,a_ew...]
Compiling architecture synth of entity floating_point_v7_1_6.flt_dec_op [\flt_dec_op(c_xdevicefamily="aar...]
Compiling architecture rtl of entity floating_point_v7_1_6.flt_to_flt_conv [\flt_to_flt_conv(c_xdevicefamily...]
Compiling architecture xilinx of entity floating_point_v7_1_6.floating_point_v7_1_6_viv [\floating_point_v7_1_6_viv(c_xde...]
Compiling architecture xilinx of entity floating_point_v7_1_6.floating_point_v7_1_6 [\floating_point_v7_1_6(c_xdevice...]
Compiling architecture dft_ap_fptrunc_0_no_dsp_64_arch of entity xil_defaultlib.dft_ap_fptrunc_0_no_dsp_64 [dft_ap_fptrunc_0_no_dsp_64_defau...]
Compiling module xil_defaultlib.dft_fptrunc_64ns_qcK(ID=1)
Compiling architecture synth of entity xbip_pipe_v3_0_5.xbip_pipe_v3_0_5_viv [\xbip_pipe_v3_0_5_viv(c_has_ce=1...]
Compiling architecture rtl of entity floating_point_v7_1_6.delay [\delay(width=23,length=0)\]
Compiling architecture struct of entity floating_point_v7_1_6.carry_chain [\carry_chain(c_xdevicefamily="ki...]
Compiling architecture synth of entity floating_point_v7_1_6.compare_eq_im [\compare_eq_im(c_xdevicefamily="...]
Compiling architecture rtl of entity floating_point_v7_1_6.special_detect [\special_detect(a_fw=24,op_delay...]
Compiling architecture rtl of entity floating_point_v7_1_6.flt_to_flt_conv_exp [\flt_to_flt_conv_exp(r_w=64,r_ew...]
Compiling architecture synth of entity floating_point_v7_1_6.flt_dec_op [\flt_dec_op(c_xdevicefamily="aar...]
Compiling architecture rtl of entity floating_point_v7_1_6.flt_to_flt_conv [\flt_to_flt_conv(c_xdevicefamily...]
Compiling architecture xilinx of entity floating_point_v7_1_6.floating_point_v7_1_6_viv [\floating_point_v7_1_6_viv(c_xde...]
Compiling architecture xilinx of entity floating_point_v7_1_6.floating_point_v7_1_6 [\floating_point_v7_1_6(c_xdevice...]
Compiling architecture dft_ap_fpext_0_no_dsp_32_arch of entity xil_defaultlib.dft_ap_fpext_0_no_dsp_32 [dft_ap_fpext_0_no_dsp_32_default]
Compiling module xil_defaultlib.dft_fpext_32ns_64rcU(ID=1)
Compiling architecture dsp48e1_v of entity unisim.DSP48E1 [\DSP48E1(acascreg=0,adreg=0,alum...]
Compiling architecture rtl of entity floating_point_v7_1_6.dsp48e1_wrapper [\dsp48e1_wrapper(a_width=19,b_wi...]
Compiling architecture dsp48e1_v of entity unisim.DSP48E1 [\DSP48E1(acascreg=0,adreg=0,alum...]
Compiling architecture rtl of entity floating_point_v7_1_6.dsp48e1_wrapper [\dsp48e1_wrapper(a_width=17,b_wi...]
Compiling architecture dsp48e1_v of entity unisim.DSP48E1 [\DSP48E1(acascreg=0,adreg=0,alum...]
Compiling architecture rtl of entity floating_point_v7_1_6.dsp48e1_wrapper [\dsp48e1_wrapper(a_width=17,b_wi...]
Compiling architecture dsp48e1_v of entity unisim.DSP48E1 [\DSP48E1(acascreg=0,adreg=0,alum...]
Compiling architecture rtl of entity floating_point_v7_1_6.dsp48e1_wrapper [\dsp48e1_wrapper(a_width=17,b_wi...]
Compiling architecture dsp48e1_v of entity unisim.DSP48E1 [\DSP48E1(adreg=0,alumodereg=0,b_...]
Compiling architecture rtl of entity floating_point_v7_1_6.dsp48e1_wrapper [\dsp48e1_wrapper(a_width=17,b_wi...]
Compiling architecture synth of entity xbip_pipe_v3_0_5.xbip_pipe_v3_0_5_viv [\xbip_pipe_v3_0_5_viv(c_has_ce=1...]
Compiling architecture rtl of entity floating_point_v7_1_6.delay [\delay(width=19,length=0)\]
Compiling architecture rtl of entity floating_point_v7_1_6.dsp48e1_wrapper [\dsp48e1_wrapper(a_width=19,b_wi...]
Compiling architecture dsp48e1_v of entity unisim.DSP48E1 [\DSP48E1(adreg=0,alumodereg=0,ca...]
Compiling architecture rtl of entity floating_point_v7_1_6.dsp48e1_wrapper [\dsp48e1_wrapper(a_width=19,b_wi...]
Compiling architecture dsp48e1_v of entity unisim.DSP48E1 [\DSP48E1(acascreg=0,adreg=0,alum...]
Compiling architecture rtl of entity floating_point_v7_1_6.dsp48e1_wrapper [\dsp48e1_wrapper(a_width=19,b_wi...]
Compiling architecture dsp48e1_v of entity unisim.DSP48E1 [\DSP48E1(acascreg=2,adreg=0,alum...]
Compiling architecture rtl of entity floating_point_v7_1_6.dsp48e1_wrapper [\dsp48e1_wrapper(a_width=19,b_wi...]
Compiling architecture synth of entity xbip_pipe_v3_0_5.xbip_pipe_v3_0_5_viv [\xbip_pipe_v3_0_5_viv(c_latency=...]
Compiling architecture rtl of entity floating_point_v7_1_6.delay [\delay(width=17)\]
Compiling architecture dsp48e1_v of entity unisim.DSP48E1 [\DSP48E1(acascreg=0,adreg=0,alum...]
Compiling architecture rtl of entity floating_point_v7_1_6.dsp48e1_wrapper [\dsp48e1_wrapper(a_width=19,b_wi...]
Compiling architecture struct of entity floating_point_v7_1_6.fix_mult_dsp48e1_dbl [\fix_mult_dsp48e1_dbl(mult_usage...]
Compiling architecture rtl of entity floating_point_v7_1_6.fix_mult [\fix_mult(c_xdevicefamily="aarti...]
Compiling architecture synth of entity xbip_pipe_v3_0_5.xbip_pipe_v3_0_5_viv [\xbip_pipe_v3_0_5_viv(c_has_ce=1...]
Compiling architecture rtl of entity floating_point_v7_1_6.delay [\delay(width=11,length=0,fast_in...]
Compiling architecture struct of entity floating_point_v7_1_6.carry_chain [\carry_chain(c_xdevicefamily="aa...]
Compiling architecture struct of entity floating_point_v7_1_6.carry_chain [\carry_chain(c_xdevicefamily="aa...]
Compiling architecture synth of entity floating_point_v7_1_6.compare_eq_im [\compare_eq_im(c_xdevicefamily="...]
Compiling architecture rtl of entity floating_point_v7_1_6.special_detect [\special_detect(c_xdevicefamily=...]
Compiling architecture synth of entity xbip_pipe_v3_0_5.xbip_pipe_v3_0_5_viv [\xbip_pipe_v3_0_5_viv(c_latency=...]
Compiling architecture rtl of entity floating_point_v7_1_6.delay [\delay(length=3)\]
Compiling architecture synth of entity xbip_pipe_v3_0_5.xbip_pipe_v3_0_5_viv [\xbip_pipe_v3_0_5_viv(c_latency=...]
Compiling architecture rtl of entity floating_point_v7_1_6.delay [\delay(width=2,length=3,fast_inp...]
Compiling architecture rtl of entity floating_point_v7_1_6.delay [\delay(length=3,fast_input=true)...]
Compiling architecture synth of entity xbip_pipe_v3_0_5.xbip_pipe_v3_0_5_viv [\xbip_pipe_v3_0_5_viv(c_latency=...]
Compiling architecture rtl of entity floating_point_v7_1_6.delay [\delay(width=4,length=3,fast_inp...]
Compiling architecture synth of entity xbip_pipe_v3_0_5.xbip_pipe_v3_0_5_viv [\xbip_pipe_v3_0_5_viv(c_latency=...]
Compiling architecture rtl of entity floating_point_v7_1_6.delay [\delay(width=11,length=3)\]
Compiling architecture rtl of entity floating_point_v7_1_6.flt_mult_exp [\flt_mult_exp(c_xdevicefamily="a...]
Compiling architecture synth of entity xbip_pipe_v3_0_5.xbip_pipe_v3_0_5_viv [\xbip_pipe_v3_0_5_viv(c_has_ce=1...]
Compiling architecture rtl of entity floating_point_v7_1_6.delay [\delay(width=11,length=0)\]
Compiling architecture rtl of entity floating_point_v7_1_6.dsp48e1_wrapper [\dsp48e1_wrapper(b_width=18,c_wi...]
Compiling architecture struct of entity floating_point_v7_1_6.carry_chain [\carry_chain(c_xdevicefamily="aa...]
Compiling architecture synth of entity xbip_pipe_v3_0_5.xbip_pipe_v3_0_5_viv [\xbip_pipe_v3_0_5_viv(c_has_ce=1...]
Compiling architecture rtl of entity floating_point_v7_1_6.delay [\delay(width=28,length=0)\]
Compiling architecture synth of entity xbip_pipe_v3_0_5.xbip_pipe_v3_0_5_viv [\xbip_pipe_v3_0_5_viv(c_has_ce=1...]
Compiling architecture rtl of entity floating_point_v7_1_6.delay [\delay(width=29,length=0)\]
Compiling architecture synth of entity xbip_pipe_v3_0_5.xbip_pipe_v3_0_5_viv [\xbip_pipe_v3_0_5_viv(c_has_ce=1...]
Compiling architecture rtl of entity floating_point_v7_1_6.delay [\delay(width=54,length=0,fast_in...]
Compiling architecture rtl of entity floating_point_v7_1_6.renorm_and_round_logic [\renorm_and_round_logic(c_xdevic...]
Compiling architecture rtl of entity floating_point_v7_1_6.flt_mult_round [\flt_mult_round(c_xdevicefamily=...]
Compiling architecture synth of entity floating_point_v7_1_6.flt_dec_op_lat [\flt_dec_op_lat(c_xdevicefamily=...]
Compiling architecture rtl of entity floating_point_v7_1_6.flt_mult [\flt_mult(c_xdevicefamily="aarti...]
Compiling architecture synth of entity xbip_pipe_v3_0_5.xbip_pipe_v3_0_5_viv [\xbip_pipe_v3_0_5_viv(c_latency=...]
Compiling architecture xilinx of entity floating_point_v7_1_6.floating_point_v7_1_6_viv [\floating_point_v7_1_6_viv(c_xde...]
Compiling architecture xilinx of entity floating_point_v7_1_6.floating_point_v7_1_6 [\floating_point_v7_1_6(c_xdevice...]
Compiling architecture dft_ap_dmul_4_max_dsp_64_arch of entity xil_defaultlib.dft_ap_dmul_4_max_dsp_64 [dft_ap_dmul_4_max_dsp_64_default]
Compiling module xil_defaultlib.dft_dmul_64ns_64nsc4(ID=1)
Compiling module xil_defaultlib.dft
Compiling module xil_defaultlib.AESL_automem_sample_real
Compiling module xil_defaultlib.AESL_automem_sample_imag
Compiling module xil_defaultlib.apatb_dft_top
Compiling module work.glbl
Built simulation snapshot dft
