INFO: [SIM 2] *************** CSIM start ***************
INFO: [SIM 4] CSIM will launch GCC as the compiler.
   Compiling ../../../../cordic_test.cc in debug mode
   Compiling ../../../../cordic.cc in debug mode
   Generating csim.exe
Hello
0: 0.261602 0.785398
1: -0.202046 0.463648
2: 0.0429329 0.244979
3: -0.0814221 0.124355
4: -0.0190033 0.0624188
5: 0.0122366 0.0312398
6: -0.00338715 0.0156237
7: 0.00442519 0.00781234
8: 0.000518959 0.00390623
9: -0.00143416 0.00195312
10: -0.000457602 0.000976562
11: 3.06797e-05 0.000488281
12: -0.000213461 0.000244141
13: -9.13907e-05 0.00012207
14: -3.03555e-05 6.10352e-05
15: 1.62079e-07 3.05176e-05
16: -1.50967e-05 1.52588e-05
17: -7.46732e-06 7.62939e-06
18: -3.65262e-06 3.8147e-06
19: -1.74527e-06 1.90735e-06
20: -7.91595e-07 9.53674e-07
21: -3.14758e-07 4.76837e-07
22: -7.63393e-08 2.38419e-07
23: 4.28699e-08 1.19209e-07
24: -1.67347e-08 5.96046e-08
25: 1.30676e-08 2.98023e-08
26: -1.83354e-09 1.49012e-08
27: 5.61704e-09 7.45058e-09
28: 1.89175e-09 3.72529e-09
29: 2.91038e-11 1.86265e-09
30: -9.02219e-10 9.31323e-10
31: -4.36557e-10 4.65661e-10
0.500251 0.866065
INFO: [SIM 1] CSim done with 0 errors.
INFO: [SIM 3] *************** CSIM finish ***************
