

================================================================
== Vivado HLS Report for 'fir'
================================================================
* Date:           Wed Nov 21 13:05:22 2018

* Version:        2018.2 (Build 2258646 on Thu Jun 14 20:25:20 MDT 2018)
* Project:        start_prj
* Solution:       solution7
* Product family: aartix7
* Target device:  xa7a12tcsg325-1q


================================================================
== Performance Estimates
================================================================
+ Timing (ns): 
    * Summary: 
    +--------+-------+----------+------------+
    |  Clock | Target| Estimated| Uncertainty|
    +--------+-------+----------+------------+
    |ap_clk  |   7.00|     5.690|        0.88|
    +--------+-------+----------+------------+

+ Latency (clock cycles): 
    * Summary: 
    +-----+-----+-----+-----+---------+
    |  Latency  |  Interval | Pipeline|
    | min | max | min | max |   Type  |
    +-----+-----+-----+-----+---------+
    |   78|   78|   78|   78|   none  |
    +-----+-----+-----+-----+---------+

    + Detail: 
        * Instance: 
        N/A

        * Loop: 
        +--------------------+-----+-----+----------+-----------+-----------+------+----------+
        |                    |  Latency  | Iteration|  Initiation Interval  | Trip |          |
        |      Loop Name     | min | max |  Latency |  achieved |   target  | Count| Pipelined|
        +--------------------+-----+-----+----------+-----------+-----------+------+----------+
        |- Shift_Accum_Loop  |   77|   77|         7|          -|          -|    11|    no    |
        +--------------------+-----+-----+----------+-----------+-----------+------+----------+



================================================================
== Utilization Estimates
================================================================
* Summary: 
+-----------------+---------+-------+-------+------+
|       Name      | BRAM_18K| DSP48E|   FF  |  LUT |
+-----------------+---------+-------+-------+------+
|DSP              |        -|      -|      -|     -|
|Expression       |        -|      -|      0|    65|
|FIFO             |        -|      -|      -|     -|
|Instance         |        -|      4|    166|    49|
|Memory           |        0|      -|     64|     6|
|Multiplexer      |        -|      -|      -|   122|
|Register         |        -|      -|    179|     -|
+-----------------+---------+-------+-------+------+
|Total            |        0|      4|    409|   242|
+-----------------+---------+-------+-------+------+
|Available        |       40|     40|  16000|  8000|
+-----------------+---------+-------+-------+------+
|Utilization (%)  |        0|     10|      2|     3|
+-----------------+---------+-------+-------+------+

+ Detail: 
    * Instance: 
    +-------------------------+----------------------+---------+-------+-----+----+
    |         Instance        |        Module        | BRAM_18K| DSP48E|  FF | LUT|
    +-------------------------+----------------------+---------+-------+-----+----+
    |fir_mul_32s_32s_3bkb_U1  |fir_mul_32s_32s_3bkb  |        0|      4|  166|  49|
    +-------------------------+----------------------+---------+-------+-----+----+
    |Total                    |                      |        0|      4|  166|  49|
    +-------------------------+----------------------+---------+-------+-----+----+

    * DSP48: 
    N/A

    * Memory: 
    +-------------+---------------+---------+----+----+------+-----+------+-------------+
    |    Memory   |     Module    | BRAM_18K| FF | LUT| Words| Bits| Banks| W*Bits*Banks|
    +-------------+---------------+---------+----+----+------+-----+------+-------------+
    |shift_reg_U  |fir_shift_reg  |        0|  64|   6|    11|   32|     1|          352|
    +-------------+---------------+---------+----+----+------+-----+------+-------------+
    |Total        |               |        0|  64|   6|    11|   32|     1|          352|
    +-------------+---------------+---------+----+----+------+-----+------+-------------+

    * FIFO: 
    N/A

    * Expression: 
    +-----------------+----------+-------+---+----+------------+------------+
    |  Variable Name  | Operation| DSP48E| FF| LUT| Bitwidth P0| Bitwidth P1|
    +-----------------+----------+-------+---+----+------------+------------+
    |acc_1_fu_169_p2  |     +    |      0|  0|  39|          32|          32|
    |grp_fu_126_p2    |     +    |      0|  0|  15|           5|           2|
    |tmp_1_fu_145_p2  |   icmp   |      0|  0|  11|           5|           1|
    +-----------------+----------+-------+---+----+------------+------------+
    |Total            |          |      0|  0|  65|          42|          35|
    +-----------------+----------+-------+---+----+------------+------------+

    * Multiplexer: 
    +--------------------+----+-----------+-----+-----------+
    |        Name        | LUT| Input Size| Bits| Total Bits|
    +--------------------+----+-----------+-----+-----------+
    |acc_reg_91          |   9|          2|   32|         64|
    |ap_NS_fsm           |  44|          9|    1|          9|
    |data1_reg_116       |   9|          2|   32|         64|
    |grp_fu_126_p0       |  15|          3|    5|         15|
    |i_reg_104           |   9|          2|    5|         10|
    |shift_reg_address0  |  21|          4|    4|         16|
    |shift_reg_d0        |  15|          3|   32|         96|
    +--------------------+----+-----------+-----+-----------+
    |Total               | 122|         25|  111|        274|
    +--------------------+----+-----------+-----+-----------+

    * Register: 
    +----------------+----+----+-----+-----------+
    |      Name      | FF | LUT| Bits| Const Bits|
    +----------------+----+----+-----+-----------+
    |acc_reg_91      |  32|   0|   32|          0|
    |ap_CS_fsm       |   8|   0|    8|          0|
    |c_load_reg_213  |  32|   0|   32|          0|
    |data1_reg_116   |  32|   0|   32|          0|
    |i_1_reg_208     |   5|   0|    5|          0|
    |i_cast_reg_180  |  32|   0|   32|          0|
    |i_reg_104       |   5|   0|    5|          0|
    |tmp_1_reg_189   |   1|   0|    1|          0|
    |tmp_6_reg_218   |  32|   0|   32|          0|
    +----------------+----+----+-----+-----------+
    |Total           | 179|   0|  179|          0|
    +----------------+----+----+-----+-----------+



================================================================
== Interface
================================================================
* Summary: 
+------------+-----+-----+------------+--------------+--------------+
|  RTL Ports | Dir | Bits|  Protocol  | Source Object|    C Type    |
+------------+-----+-----+------------+--------------+--------------+
|ap_clk      |  in |    1| ap_ctrl_hs |      fir     | return value |
|ap_rst      |  in |    1| ap_ctrl_hs |      fir     | return value |
|ap_start    |  in |    1| ap_ctrl_hs |      fir     | return value |
|ap_done     | out |    1| ap_ctrl_hs |      fir     | return value |
|ap_idle     | out |    1| ap_ctrl_hs |      fir     | return value |
|ap_ready    | out |    1| ap_ctrl_hs |      fir     | return value |
|y           | out |   32|   ap_vld   |       y      |    pointer   |
|y_ap_vld    | out |    1|   ap_vld   |       y      |    pointer   |
|c_address0  | out |    4|  ap_memory |       c      |     array    |
|c_ce0       | out |    1|  ap_memory |       c      |     array    |
|c_q0        |  in |   32|  ap_memory |       c      |     array    |
|x           |  in |   32|   ap_none  |       x      |    scalar    |
+------------+-----+-----+------------+--------------+--------------+

