INFO: [HLS 200-10] Running '/opt/Xilinx/Vivado/2018.2/bin/unwrapped/lnx64.o/vivado_hls'
INFO: [HLS 200-10] For user 'ramdas' on host 'ramdas-Precision-Tower-3620' (Linux_x86_64 version 4.15.0-36-generic) on Mon Nov 12 13:53:36 CET 2018
INFO: [HLS 200-10] On os Ubuntu 18.04.1 LTS
INFO: [HLS 200-10] In directory '/home/ramdas/Work/Learning/CPP_Learning/PP4FPGA_HLS/getting_started_vivado_hls'
INFO: [HLS 200-10] Opening project '/home/ramdas/Work/Learning/CPP_Learning/PP4FPGA_HLS/getting_started_vivado_hls/start_prj'.
INFO: [HLS 200-10] Opening solution '/home/ramdas/Work/Learning/CPP_Learning/PP4FPGA_HLS/getting_started_vivado_hls/start_prj/solution1'.
INFO: [SYN 201-201] Setting up clock 'default' with a period of 10ns.
INFO: [HLS 200-10] Setting target device to 'xa7a12tcsg325-1q'
INFO: [SIM 211-2] *************** CSIM start ***************
INFO: [SIM 211-4] CSIM will launch GCC as the compiler.
   Compiling(apcc) ../../../../fir_test.c in debug mode
INFO: [HLS 200-10] Running '/opt/Xilinx/Vivado/2018.2/bin/unwrapped/lnx64.o/apcc'
INFO: [HLS 200-10] For user 'ramdas' on host 'ramdas-Precision-Tower-3620' (Linux_x86_64 version 4.15.0-36-generic) on Mon Nov 12 13:53:37 CET 2018
INFO: [HLS 200-10] On os Ubuntu 18.04.1 LTS
INFO: [HLS 200-10] In directory '/home/ramdas/Work/Learning/CPP_Learning/PP4FPGA_HLS/getting_started_vivado_hls/start_prj/solution1/csim/build'
INFO: [APCC 202-3] Tmp directory is /tmp/apcc_db_ramdas/220551542027217721798
INFO: [APCC 202-1] APCC is done.
   Compiling(apcc) ../../../../fir.c in debug mode
INFO: [HLS 200-10] Running '/opt/Xilinx/Vivado/2018.2/bin/unwrapped/lnx64.o/apcc'
INFO: [HLS 200-10] For user 'ramdas' on host 'ramdas-Precision-Tower-3620' (Linux_x86_64 version 4.15.0-36-generic) on Mon Nov 12 13:53:42 CET 2018
INFO: [HLS 200-10] On os Ubuntu 18.04.1 LTS
INFO: [HLS 200-10] In directory '/home/ramdas/Work/Learning/CPP_Learning/PP4FPGA_HLS/getting_started_vivado_hls/start_prj/solution1/csim/build'
INFO: [APCC 202-3] Tmp directory is /tmp/apcc_db_ramdas/221191542027222415985
INFO: [APCC 202-1] APCC is done.
   Generating csim.exe
Comparing against output data 
*******************************************
PASS: The output matches the golden output!
*******************************************
INFO: [SIM 211-1] CSim done with 0 errors.
INFO: [SIM 211-3] *************** CSIM finish ***************
